[INICIANDO function]   main(start)
[INICIANDO function]   help_variables()
[VARIAVEL]    'COMMANDS'='start|pre_start|post_stop|start_only'
[FINALIZANDO function] help_variables
[VARIAVEL]    'ACTION'='start'
[INICIANDO function]   setup()
[INICIANDO function]   global_variables()
[VARIAVEL]    'SCRIPT_NAME'='./localScript.sh'
[VARIAVEL]    'SCRIPT_PATH'='/Users/cdavidnt/Dropbox/WDEV/Projetos/loadEnvironment'
[VARIAVEL]    'AMBIENTE_PATH'='/Users/cdavidnt/Dropbox/WDEV/Projetos'
[VARIAVEL]    'AMBIENTE'='Projetos'
[FINALIZANDO function] global_variables
[INICIANDO function]   java_variables()
[VARIAVEL]    'JAVA_HOME'='/usr'
[VARIAVEL]    'MAVEN_HOME'=''
[VARIAVEL]    'MAVEN_HOME'=''
[VARIAVEL]    'MAVEN_HOME'='/usr'
[VARIAVEL]    'MAVEN_BIN'='/usr/bin/mvn'
[VARIAVEL]    'JAVA_OPTS'='-Xmx512m -Xms512m'
[VARIAVEL]    'JAVA_DEBUG'='n'
[VARIAVEL]    'JAVA_DEBUG_SUSPEND'='n'
[VARIAVEL]    'JAVA_DEBUG_PORT'='8123'
[FINALIZANDO function] java_variables
[INICIANDO function]   log_variables()
[VARIAVEL]    'LOG_DIR'='../logs'
[VARIAVEL]    'DATA_START'='20110810181853'
[FINALIZANDO function] log_variables
[FINALIZANDO function] setup
[INICIANDO function]   pre_start()
[INICIANDO function]   pre_java_start()
[VARIAVEL]    'MAVEN_PRE_JAVA_START'='clean compile'
[INICIANDO function]   maven(clean compile)
[VARIAVEL]    'MAVEN_OPTS'='-Xmx512m -Xms512m'
[VARIAVEL]    'JAVA_DEBUG'='n'
[INICIANDO file]   /usr/bin/mvn(clean compile)
[FINALIZANDO file] /usr/bin/mvn
[FINALIZANDO function] maven
[FINALIZANDO function] pre_java_start
[FINALIZANDO function] pre_start
[INICIANDO function]   start()
[INICIANDO function]   java_start()
[VARIAVEL]    'MAVEN_JAVA_START'='-PProjetos tomcat:run'
[INICIANDO function]   maven(-PProjetos tomcat:run)
[VARIAVEL]    'MAVEN_OPTS'='-Xmx512m -Xms512m'
[VARIAVEL]    'JAVA_DEBUG'='n'
[INICIANDO file]   /usr/bin/mvn(-PProjetos tomcat:run)
[FINALIZANDO file] /usr/bin/mvn
[FINALIZANDO function] maven
[FINALIZANDO function] java_start
[FINALIZANDO function] start
[FINALIZANDO function] main
[INICIANDO function]   post_stop()
[INICIANDO function]   before_post_stop()
[VARIAVEL]    'DATA_STOP'='20110810181857'
[FINALIZANDO function] before_post_stop
[INICIANDO function]   log_variables_on_stop()
[VARIAVEL]    'LOG_FOLDER_NAME'='20110810181853_20110810181857'
[FINALIZANDO function] log_variables_on_stop
[FINALIZANDO function] post_stop
[INICIANDO function]   main(start)
[INICIANDO function]   help_variables()
[VARIAVEL]    'COMMANDS'='start|pre_start|post_stop|start_only'
[FINALIZANDO function] help_variables
[VARIAVEL]    'ACTION'='start'
[INICIANDO function]   setup()
[INICIANDO function]   global_variables()
[VARIAVEL]    'SCRIPT_NAME'='./localScript.sh'
[VARIAVEL]    'SCRIPT_PATH'='/Users/cdavidnt/Dropbox/WDEV/Projetos/loadEnvironment'
[VARIAVEL]    'AMBIENTE_PATH'='/Users/cdavidnt/Dropbox/WDEV/Projetos'
[VARIAVEL]    'AMBIENTE'='Projetos'
[FINALIZANDO function] global_variables
[INICIANDO function]   java_variables()
[VARIAVEL]    'JAVA_HOME'='/usr'
[VARIAVEL]    'MAVEN_HOME'=''
[VARIAVEL]    'MAVEN_HOME'=''
[VARIAVEL]    'MAVEN_HOME'='/usr'
[VARIAVEL]    'MAVEN_BIN'='/usr/bin/mvn'
[VARIAVEL]    'JAVA_OPTS'='-Xmx512m -Xms512m'
[VARIAVEL]    'JAVA_DEBUG'='n'
[VARIAVEL]    'JAVA_DEBUG_SUSPEND'='n'
[VARIAVEL]    'JAVA_DEBUG_PORT'='8123'
[FINALIZANDO function] java_variables
[INICIANDO function]   log_variables()
[VARIAVEL]    'LOG_DIR'='../logs'
[VARIAVEL]    'DATA_START'='20110810181912'
[FINALIZANDO function] log_variables
[FINALIZANDO function] setup
[INICIANDO function]   pre_start()
[INICIANDO function]   pre_java_start()
[VARIAVEL]    'MAVEN_PRE_JAVA_START'='clean compile'
[INICIANDO function]   maven(clean compile)
[VARIAVEL]    'MAVEN_OPTS'='-Xmx512m -Xms512m'
[VARIAVEL]    'JAVA_DEBUG'='n'
[INICIANDO file]   /usr/bin/mvn(clean compile)
[FINALIZANDO file] /usr/bin/mvn
[FINALIZANDO function] maven
[FINALIZANDO function] pre_java_start
[FINALIZANDO function] pre_start
[INICIANDO function]   start()
[INICIANDO function]   java_start()
[VARIAVEL]    'MAVEN_JAVA_START'='-PProjetos tomcat:run'
[INICIANDO function]   maven(-PProjetos tomcat:run)
[VARIAVEL]    'MAVEN_OPTS'='-Xmx512m -Xms512m'
[VARIAVEL]    'JAVA_DEBUG'='n'
[INICIANDO file]   /usr/bin/mvn(-PProjetos tomcat:run)
[FINALIZANDO file] /usr/bin/mvn
[FINALIZANDO function] maven
[FINALIZANDO function] java_start
[FINALIZANDO function] start
[FINALIZANDO function] main
[INICIANDO function]   post_stop()
[INICIANDO function]   before_post_stop()
[VARIAVEL]    'DATA_STOP'='20110810181916'
[FINALIZANDO function] before_post_stop
[INICIANDO function]   log_variables_on_stop()
[VARIAVEL]    'LOG_FOLDER_NAME'='20110810181912_20110810181916'
[FINALIZANDO function] log_variables_on_stop
[FINALIZANDO function] post_stop
[INICIANDO function]   main(start)
[INICIANDO function]   help_variables()
[VARIAVEL]    'COMMANDS'='start|pre_start|post_stop|start_only'
[FINALIZANDO function] help_variables
[VARIAVEL]    'ACTION'='start'
[INICIANDO function]   setup()
[INICIANDO function]   global_variables()
[VARIAVEL]    'SCRIPT_NAME'='./localScript.sh'
[VARIAVEL]    'SCRIPT_PATH'='/Users/cdavidnt/Dropbox/WDEV/Projetos/loadEnvironment'
[VARIAVEL]    'AMBIENTE_PATH'='/Users/cdavidnt/Dropbox/WDEV/Projetos'
[VARIAVEL]    'AMBIENTE'='Projetos'
[FINALIZANDO function] global_variables
[INICIANDO function]   java_variables()
[VARIAVEL]    'JAVA_HOME'='/usr'
[VARIAVEL]    'MAVEN_HOME'=''
[VARIAVEL]    'MAVEN_HOME'=''
[VARIAVEL]    'MAVEN_HOME'='/usr'
[VARIAVEL]    'MAVEN_BIN'='/usr/bin/mvn'
[VARIAVEL]    'JAVA_OPTS'='-Xmx512m -Xms512m'
[VARIAVEL]    'JAVA_DEBUG'='n'
[VARIAVEL]    'JAVA_DEBUG_SUSPEND'='n'
[VARIAVEL]    'JAVA_DEBUG_PORT'='8123'
[FINALIZANDO function] java_variables
[INICIANDO function]   log_variables()
[VARIAVEL]    'LOG_DIR'='../logs'
[VARIAVEL]    'DATA_START'='20110810181933'
[FINALIZANDO function] log_variables
[FINALIZANDO function] setup
[INICIANDO function]   pre_start()
[INICIANDO function]   pre_java_start()
[VARIAVEL]    'MAVEN_PRE_JAVA_START'='clean compile'
[INICIANDO function]   maven(clean compile)
[VARIAVEL]    'MAVEN_OPTS'='-Xmx512m -Xms512m'
[VARIAVEL]    'JAVA_DEBUG'='n'
[INICIANDO file]   /usr/bin/mvn(clean compile)
[FINALIZANDO file] /usr/bin/mvn
[FINALIZANDO function] maven
[FINALIZANDO function] pre_java_start
[FINALIZANDO function] pre_start
[INICIANDO function]   start()
[INICIANDO function]   java_start()
[VARIAVEL]    'MAVEN_JAVA_START'='-PProjetos tomcat:run'
[INICIANDO function]   maven(-PProjetos tomcat:run)
[VARIAVEL]    'MAVEN_OPTS'='-Xmx512m -Xms512m'
[VARIAVEL]    'JAVA_DEBUG'='n'
[INICIANDO file]   /usr/bin/mvn(-PProjetos tomcat:run)
[FINALIZANDO file] /usr/bin/mvn
[FINALIZANDO function] maven
[FINALIZANDO function] java_start
[FINALIZANDO function] start
[FINALIZANDO function] main
[INICIANDO function]   post_stop()
[INICIANDO function]   before_post_stop()
[VARIAVEL]    'DATA_STOP'='20110810181937'
[FINALIZANDO function] before_post_stop
[INICIANDO function]   log_variables_on_stop()
[VARIAVEL]    'LOG_FOLDER_NAME'='20110810181933_20110810181937'
[FINALIZANDO function] log_variables_on_stop
[FINALIZANDO function] post_stop
[INICIANDO function]   main(start)
[INICIANDO function]   help_variables()
[VARIAVEL]    'COMMANDS'='start|pre_start|post_stop|start_only'
[FINALIZANDO function] help_variables
[VARIAVEL]    'ACTION'='start'
[INICIANDO function]   setup()
[INICIANDO function]   global_variables()
[VARIAVEL]    'SCRIPT_NAME'='./localScript.sh'
[VARIAVEL]    'SCRIPT_PATH'='/Users/cdavidnt/Dropbox/WDEV/Projetos/loadEnvironment'
[VARIAVEL]    'AMBIENTE_PATH'='/Users/cdavidnt/Dropbox/WDEV/Projetos'
[VARIAVEL]    'AMBIENTE'='Projetos'
[VARIAVEL]    'APP_NAME'=''
[FINALIZANDO function] global_variables
[INICIANDO function]   java_variables()
[VARIAVEL]    'JAVA_HOME'='/usr'
[VARIAVEL]    'MAVEN_HOME'=''
[VARIAVEL]    'MAVEN_HOME'=''
[VARIAVEL]    'MAVEN_HOME'='/usr'
[VARIAVEL]    'MAVEN_BIN'='/usr/bin/mvn'
[VARIAVEL]    'JAVA_OPTS'='-Xmx512m -Xms512m'
[VARIAVEL]    'JAVA_DEBUG'='n'
[VARIAVEL]    'JAVA_DEBUG_SUSPEND'='n'
[VARIAVEL]    'JAVA_DEBUG_PORT'='8123'
[FINALIZANDO function] java_variables
[INICIANDO function]   log_variables()
[VARIAVEL]    'LOG_DIR'='../logs'
[VARIAVEL]    'DATA_START'='20110810184347'
[VARIAVEL]    'LOG_ROTATE_CONF'='Projetos.logrotate'
[FINALIZANDO function] log_variables
[FINALIZANDO function] setup
[INICIANDO function]   pre_start()
[INICIANDO function]   pre_java_start()
[VARIAVEL]    'MAVEN_PRE_JAVA_START'='clean compile'
[INICIANDO function]   maven(clean compile)
[VARIAVEL]    'MAVEN_OPTS'='-Xmx512m -Xms512m'
[VARIAVEL]    'JAVA_DEBUG'='n'
[INICIANDO file]   /usr/bin/mvn(clean compile)
[FINALIZANDO file] /usr/bin/mvn
[FINALIZANDO function] maven
[FINALIZANDO function] pre_java_start
[FINALIZANDO function] pre_start
[INICIANDO function]   start()
[INICIANDO function]   java_start()
[VARIAVEL]    'MAVEN_JAVA_START'='-PProjetos tomcat:run'
[INICIANDO function]   maven(-PProjetos tomcat:run)
[VARIAVEL]    'MAVEN_OPTS'='-Xmx512m -Xms512m'
[VARIAVEL]    'JAVA_DEBUG'='n'
[INICIANDO file]   /usr/bin/mvn(-PProjetos tomcat:run)
[FINALIZANDO file] /usr/bin/mvn
[FINALIZANDO function] maven
[FINALIZANDO function] java_start
[FINALIZANDO function] start
[FINALIZANDO function] main
[INICIANDO function]   post_stop()
[INICIANDO function]   before_post_stop()
[VARIAVEL]    'DATA_STOP'='20110810184351'
[FINALIZANDO function] before_post_stop
[INICIANDO function]   log_variables_on_stop()
[VARIAVEL]    'LOG_FOLDER_NAME'='_20110810184347_20110810184351'
[FINALIZANDO function] log_variables_on_stop
[FINALIZANDO function] post_stop
[INICIANDO function]   main(start)
[INICIANDO function]   help_variables()
[VARIAVEL]    'COMMANDS'='start|pre_start|post_stop|start_only'
[FINALIZANDO function] help_variables
[VARIAVEL]    'ACTION'='start'
[INICIANDO function]   setup()
[INICIANDO function]   global_variables()
[VARIAVEL]    'SCRIPT_NAME'='./localScript.sh'
[VARIAVEL]    'SCRIPT_PATH'='/Users/cdavidnt/Dropbox/WDEV/Projetos/loadEnvironment'
[VARIAVEL]    'AMBIENTE_PATH'='/Users/cdavidnt/Dropbox/WDEV/Projetos'
[VARIAVEL]    'AMBIENTE'='Projetos'
[VARIAVEL]    'APP_NAME'=''
[FINALIZANDO function] global_variables
[INICIANDO function]   java_variables()
[VARIAVEL]    'JAVA_HOME'='/usr'
[VARIAVEL]    'MAVEN_HOME'=''
[VARIAVEL]    'MAVEN_HOME'=''
[VARIAVEL]    'MAVEN_HOME'='/usr'
[VARIAVEL]    'MAVEN_BIN'='/usr/bin/mvn'
[VARIAVEL]    'JAVA_OPTS'='-Xmx512m -Xms512m'
[VARIAVEL]    'JAVA_DEBUG'='n'
[VARIAVEL]    'JAVA_DEBUG_SUSPEND'='n'
[VARIAVEL]    'JAVA_DEBUG_PORT'='8123'
[FINALIZANDO function] java_variables
[INICIANDO function]   log_variables()
[VARIAVEL]    'LOG_DIR'='../logs'
[VARIAVEL]    'DATA_START'='20110810184411'
[VARIAVEL]    'LOG_ROTATE_CONF'='Projetos.logrotate'
[FINALIZANDO function] log_variables
[FINALIZANDO function] setup
[INICIANDO function]   pre_start()
[INICIANDO function]   pre_java_start()
[VARIAVEL]    'MAVEN_PRE_JAVA_START'='clean compile'
[INICIANDO function]   maven(clean compile)
[VARIAVEL]    'MAVEN_OPTS'='-Xmx512m -Xms512m'
[VARIAVEL]    'JAVA_DEBUG'='n'
[INICIANDO file]   /usr/bin/mvn(clean compile)
[FINALIZANDO file] /usr/bin/mvn
[FINALIZANDO function] maven
[FINALIZANDO function] pre_java_start
[FINALIZANDO function] pre_start
[INICIANDO function]   start()
[INICIANDO function]   java_start()
[VARIAVEL]    'MAVEN_JAVA_START'='-PProjetos tomcat:run'
[INICIANDO function]   maven(-PProjetos tomcat:run)
[VARIAVEL]    'MAVEN_OPTS'='-Xmx512m -Xms512m'
[VARIAVEL]    'JAVA_DEBUG'='n'
[INICIANDO file]   /usr/bin/mvn(-PProjetos tomcat:run)
[FINALIZANDO file] /usr/bin/mvn
[FINALIZANDO function] maven
[FINALIZANDO function] java_start
[FINALIZANDO function] start
[FINALIZANDO function] main
[INICIANDO function]   post_stop()
[INICIANDO function]   before_post_stop()
[VARIAVEL]    'DATA_STOP'='20110810184416'
[FINALIZANDO function] before_post_stop
[INICIANDO function]   log_variables_on_stop()
[VARIAVEL]    'LOG_FOLDER_NAME'='_20110810184411_20110810184416'
[FINALIZANDO function] log_variables_on_stop
[FINALIZANDO function] post_stop
[INICIANDO function]   main(start)
[INICIANDO function]   help_variables()
[VARIAVEL]    'COMMANDS'='start|pre_start|post_stop|start_only'
[FINALIZANDO function] help_variables
[VARIAVEL]    'ACTION'='start'
[INICIANDO function]   setup()
[INICIANDO function]   global_variables()
[VARIAVEL]    'SCRIPT_NAME'='./localScript.sh'
[VARIAVEL]    'SCRIPT_PATH'='/Users/cdavidnt/Dropbox/WDEV/Projetos/loadEnvironment'
[VARIAVEL]    'AMBIENTE_PATH'='/Users/cdavidnt/Dropbox/WDEV/Projetos'
[VARIAVEL]    'AMBIENTE'='Projetos'
[VARIAVEL]    'APP_NAME'=''
[FINALIZANDO function] global_variables
[INICIANDO function]   java_variables()
[VARIAVEL]    'JAVA_HOME'='/usr'
[VARIAVEL]    'MAVEN_HOME'=''
[VARIAVEL]    'MAVEN_HOME'=''
[VARIAVEL]    'MAVEN_HOME'='/usr'
[VARIAVEL]    'MAVEN_BIN'='/usr/bin/mvn'
[VARIAVEL]    'JAVA_OPTS'='-Xmx512m -Xms512m'
[VARIAVEL]    'JAVA_DEBUG'='n'
[VARIAVEL]    'JAVA_DEBUG_SUSPEND'='n'
[VARIAVEL]    'JAVA_DEBUG_PORT'='8123'
[FINALIZANDO function] java_variables
[INICIANDO function]   log_variables()
[VARIAVEL]    'LOG_DIR'='../logs'
[VARIAVEL]    'DATA_START'='20110810184444'
[VARIAVEL]    'LOG_ROTATE_CONF'='Projetos.logrotate'
[FINALIZANDO function] log_variables
[FINALIZANDO function] setup
[INICIANDO function]   pre_start()
[INICIANDO function]   pre_java_start()
[VARIAVEL]    'MAVEN_PRE_JAVA_START'='clean compile'
[INICIANDO function]   maven(clean compile)
[VARIAVEL]    'MAVEN_OPTS'='-Xmx512m -Xms512m'
[VARIAVEL]    'JAVA_DEBUG'='n'
[INICIANDO file]   /usr/bin/mvn(clean compile)
[FINALIZANDO file] /usr/bin/mvn
[FINALIZANDO function] maven
[FINALIZANDO function] pre_java_start
[FINALIZANDO function] pre_start
[INICIANDO function]   start()
[INICIANDO function]   java_start()
[VARIAVEL]    'MAVEN_JAVA_START'='-PProjetos tomcat:run'
[INICIANDO function]   maven(-PProjetos tomcat:run)
[VARIAVEL]    'MAVEN_OPTS'='-Xmx512m -Xms512m'
[VARIAVEL]    'JAVA_DEBUG'='n'
[INICIANDO file]   /usr/bin/mvn(-PProjetos tomcat:run)
[INICIANDO function]   post_stop()
[INICIANDO function]   before_post_stop()
[VARIAVEL]    'DATA_STOP'='20110810184447'
[FINALIZANDO function] before_post_stop
[INICIANDO function]   log_variables_on_stop()
[VARIAVEL]    'LOG_FOLDER_NAME'='_20110810184444_20110810184447'
[FINALIZANDO function] log_variables_on_stop
[FINALIZANDO function] post_stop
[FINALIZANDO file] /usr/bin/mvn
[FINALIZANDO function] maven
[FINALIZANDO function] java_start
[FINALIZANDO function] start
[FINALIZANDO function] main
[INICIANDO function]   post_stop()
[INICIANDO function]   before_post_stop()
[VARIAVEL]    'DATA_STOP'='20110810184447'
[FINALIZANDO function] before_post_stop
[INICIANDO function]   log_variables_on_stop()
[VARIAVEL]    'LOG_FOLDER_NAME'='_20110810184444_20110810184447'
[FINALIZANDO function] log_variables_on_stop
[FINALIZANDO function] post_stop
[INICIANDO function]   main(start)
[INICIANDO function]   help_variables()
[VARIAVEL]    'COMMANDS'='start|pre_start|post_stop|start_only'
[FINALIZANDO function] help_variables
[VARIAVEL]    'ACTION'='start'
[INICIANDO function]   setup()
[INICIANDO function]   global_variables()
[VARIAVEL]    'SCRIPT_NAME'='./localScript.sh'
[VARIAVEL]    'SCRIPT_PATH'='/Users/cdavidnt/Dropbox/WDEV/Projetos/loadEnvironment'
[VARIAVEL]    'AMBIENTE_PATH'='/Users/cdavidnt/Dropbox/WDEV/Projetos'
[VARIAVEL]    'AMBIENTE'='Projetos'
[VARIAVEL]    'APP_NAME'=''
[FINALIZANDO function] global_variables
[INICIANDO function]   java_variables()
[VARIAVEL]    'JAVA_HOME'='/usr'
[VARIAVEL]    'MAVEN_HOME'=''
[VARIAVEL]    'MAVEN_HOME'=''
[VARIAVEL]    'MAVEN_HOME'='/usr'
[VARIAVEL]    'MAVEN_BIN'='/usr/bin/mvn'
[VARIAVEL]    'JAVA_OPTS'='-Xmx512m -Xms512m'
[VARIAVEL]    'JAVA_DEBUG'='n'
[VARIAVEL]    'JAVA_DEBUG_SUSPEND'='n'
[VARIAVEL]    'JAVA_DEBUG_PORT'='8123'
[FINALIZANDO function] java_variables
[INICIANDO function]   log_variables()
[VARIAVEL]    'LOG_DIR'='../logs'
[VARIAVEL]    'DATA_START'='20110810184505'
[VARIAVEL]    'LOG_ROTATE_CONF'='Projetos.logrotate'
[FINALIZANDO function] log_variables
[FINALIZANDO function] setup
[INICIANDO function]   pre_start()
[INICIANDO function]   pre_java_start()
[VARIAVEL]    'MAVEN_PRE_JAVA_START'='clean compile'
[INICIANDO function]   maven(clean compile)
[VARIAVEL]    'MAVEN_OPTS'='-Xmx512m -Xms512m'
[VARIAVEL]    'JAVA_DEBUG'='n'
[INICIANDO file]   /usr/bin/mvn(clean compile)
[FINALIZANDO file] /usr/bin/mvn
[FINALIZANDO function] maven
[FINALIZANDO function] pre_java_start
[FINALIZANDO function] pre_start
[INICIANDO function]   start()
[INICIANDO function]   java_start()
[VARIAVEL]    'MAVEN_JAVA_START'='-PProjetos tomcat:run'
[INICIANDO function]   maven(-PProjetos tomcat:run)
[VARIAVEL]    'MAVEN_OPTS'='-Xmx512m -Xms512m'
[VARIAVEL]    'JAVA_DEBUG'='n'
[INICIANDO file]   /usr/bin/mvn(-PProjetos tomcat:run)
[FINALIZANDO file] /usr/bin/mvn
[FINALIZANDO function] maven
[FINALIZANDO function] java_start
[FINALIZANDO function] start
[FINALIZANDO function] main
[INICIANDO function]   post_stop()
[INICIANDO function]   before_post_stop()
[VARIAVEL]    'DATA_STOP'='20110810184509'
[FINALIZANDO function] before_post_stop
[INICIANDO function]   log_variables_on_stop()
[VARIAVEL]    'LOG_FOLDER_NAME'='_20110810184505_20110810184509'
[FINALIZANDO function] log_variables_on_stop
[FINALIZANDO function] post_stop
[INICIANDO function]   main(start)
[INICIANDO function]   help_variables()
[VARIAVEL]    'COMMANDS'='start|pre_start|post_stop|start_only'
[FINALIZANDO function] help_variables
[VARIAVEL]    'ACTION'='start'
[INICIANDO function]   setup()
[INICIANDO function]   global_variables()
[VARIAVEL]    'SCRIPT_NAME'='./localScript.sh'
[VARIAVEL]    'SCRIPT_PATH'='/Users/cdavidnt/Dropbox/WDEV/Projetos/loadEnvironment'
[VARIAVEL]    'AMBIENTE_PATH'='/Users/cdavidnt/Dropbox/WDEV/Projetos'
[VARIAVEL]    'AMBIENTE'='Projetos'
[VARIAVEL]    'APP_NAME'=''
[FINALIZANDO function] global_variables
[INICIANDO function]   java_variables()
[VARIAVEL]    'JAVA_HOME'='/usr'
[VARIAVEL]    'MAVEN_HOME'=''
[VARIAVEL]    'MAVEN_HOME'=''
[VARIAVEL]    'MAVEN_HOME'='/usr'
[VARIAVEL]    'MAVEN_BIN'='/usr/bin/mvn'
[VARIAVEL]    'JAVA_OPTS'='-Xmx512m -Xms512m'
[VARIAVEL]    'JAVA_DEBUG'='n'
[VARIAVEL]    'JAVA_DEBUG_SUSPEND'='n'
[VARIAVEL]    'JAVA_DEBUG_PORT'='8123'
[FINALIZANDO function] java_variables
[INICIANDO function]   log_variables()
[VARIAVEL]    'LOG_DIR'='../logs'
[VARIAVEL]    'DATA_START'='20110810184540'
[VARIAVEL]    'LOG_ROTATE_CONF'='Projetos.logrotate'
[FINALIZANDO function] log_variables
[FINALIZANDO function] setup
[INICIANDO function]   pre_start()
[INICIANDO function]   pre_java_start()
[VARIAVEL]    'MAVEN_PRE_JAVA_START'='clean compile'
[INICIANDO function]   maven(clean compile)
[VARIAVEL]    'MAVEN_OPTS'='-Xmx512m -Xms512m'
[VARIAVEL]    'JAVA_DEBUG'='n'
[INICIANDO file]   /usr/bin/mvn(clean compile)
[FINALIZANDO file] /usr/bin/mvn
[FINALIZANDO function] maven
[FINALIZANDO function] pre_java_start
[FINALIZANDO function] pre_start
[INICIANDO function]   start()
[INICIANDO function]   java_start()
[VARIAVEL]    'MAVEN_JAVA_START'='-PProjetos tomcat:run'
[INICIANDO function]   maven(-PProjetos tomcat:run)
[VARIAVEL]    'MAVEN_OPTS'='-Xmx512m -Xms512m'
[VARIAVEL]    'JAVA_DEBUG'='n'
[INICIANDO file]   /usr/bin/mvn(-PProjetos tomcat:run)
[FINALIZANDO file] /usr/bin/mvn
[FINALIZANDO function] maven
[FINALIZANDO function] java_start
[FINALIZANDO function] start
[FINALIZANDO function] main
[INICIANDO function]   post_stop()
[INICIANDO function]   before_post_stop()
[VARIAVEL]    'DATA_STOP'='20110810184544'
[FINALIZANDO function] before_post_stop
[INICIANDO function]   log_variables_on_stop()
[VARIAVEL]    'LOG_FOLDER_NAME'='_20110810184540_20110810184544'
[FINALIZANDO function] log_variables_on_stop
[FINALIZANDO function] post_stop
[INICIANDO function]   main(start)
[INICIANDO function]   help_variables()
[VARIAVEL]    'COMMANDS'='start|pre_start|post_stop|start_only'
[FINALIZANDO function] help_variables
[VARIAVEL]    'ACTION'='start'
[INICIANDO function]   setup()
[INICIANDO function]   global_variables()
[VARIAVEL]    'SCRIPT_NAME'='./localScript.sh'
[VARIAVEL]    'SCRIPT_PATH'='/Users/cdavidnt/Dropbox/WDEV/Projetos/loadEnvironment'
[VARIAVEL]    'AMBIENTE_PATH'='/Users/cdavidnt/Dropbox/WDEV/Projetos'
[VARIAVEL]    'AMBIENTE'='Projetos'
[VARIAVEL]    'APP_NAME'=''
[FINALIZANDO function] global_variables
[INICIANDO function]   java_variables()
[VARIAVEL]    'JAVA_HOME'='/usr'
[VARIAVEL]    'MAVEN_HOME'=''
[VARIAVEL]    'MAVEN_HOME'=''
[VARIAVEL]    'MAVEN_HOME'='/usr'
[VARIAVEL]    'MAVEN_BIN'='/usr/bin/mvn'
[VARIAVEL]    'JAVA_OPTS'='-Xmx512m -Xms512m'
[VARIAVEL]    'JAVA_DEBUG'='n'
[VARIAVEL]    'JAVA_DEBUG_SUSPEND'='n'
[VARIAVEL]    'JAVA_DEBUG_PORT'='8123'
[FINALIZANDO function] java_variables
[INICIANDO function]   log_variables()
[VARIAVEL]    'LOG_DIR'='../logs'
[VARIAVEL]    'DATA_START'='20110810184604'
[VARIAVEL]    'LOG_ROTATE_CONF'='Projetos.logrotate'
[FINALIZANDO function] log_variables
[FINALIZANDO function] setup
[INICIANDO function]   pre_start()
[INICIANDO function]   pre_java_start()
[VARIAVEL]    'MAVEN_PRE_JAVA_START'='clean compile'
[INICIANDO function]   maven(clean compile)
[VARIAVEL]    'MAVEN_OPTS'='-Xmx512m -Xms512m'
[VARIAVEL]    'JAVA_DEBUG'='n'
[INICIANDO file]   /usr/bin/mvn(clean compile)
[FINALIZANDO file] /usr/bin/mvn
[FINALIZANDO function] maven
[FINALIZANDO function] pre_java_start
[FINALIZANDO function] pre_start
[INICIANDO function]   start()
[INICIANDO function]   java_start()
[VARIAVEL]    'MAVEN_JAVA_START'='-PProjetos tomcat:run'
[INICIANDO function]   maven(-PProjetos tomcat:run)
[VARIAVEL]    'MAVEN_OPTS'='-Xmx512m -Xms512m'
[VARIAVEL]    'JAVA_DEBUG'='n'
[INICIANDO file]   /usr/bin/mvn(-PProjetos tomcat:run)
[FINALIZANDO file] /usr/bin/mvn
[FINALIZANDO function] maven
[FINALIZANDO function] java_start
[FINALIZANDO function] start
[FINALIZANDO function] main
[INICIANDO function]   post_stop()
[INICIANDO function]   before_post_stop()
[VARIAVEL]    'DATA_STOP'='20110810184608'
[FINALIZANDO function] before_post_stop
[INICIANDO function]   log_variables_on_stop()
[VARIAVEL]    'LOG_FOLDER_NAME'='_20110810184604_20110810184608'
[FINALIZANDO function] log_variables_on_stop
[FINALIZANDO function] post_stop
[INICIANDO function]   main(start)
[INICIANDO function]   help_variables()
[VARIAVEL]    'COMMANDS'='start|pre_start|post_stop|start_only'
[FINALIZANDO function] help_variables
[VARIAVEL]    'ACTION'='start'
[INICIANDO function]   setup()
[INICIANDO function]   global_variables()
[VARIAVEL]    'SCRIPT_NAME'='./localScript.sh'
[VARIAVEL]    'SCRIPT_PATH'='/Users/cdavidnt/Dropbox/WDEV/Projetos/loadEnvironment'
[VARIAVEL]    'AMBIENTE_PATH'='/Users/cdavidnt/Dropbox/WDEV/Projetos'
[VARIAVEL]    'AMBIENTE'='Projetos'
[VARIAVEL]    'APP_NAME'=''
[FINALIZANDO function] global_variables
[INICIANDO function]   java_variables()
[VARIAVEL]    'JAVA_HOME'='/usr'
[VARIAVEL]    'MAVEN_HOME'=''
[VARIAVEL]    'MAVEN_HOME'=''
[VARIAVEL]    'MAVEN_HOME'='/usr'
[VARIAVEL]    'MAVEN_BIN'='/usr/bin/mvn'
[VARIAVEL]    'JAVA_OPTS'='-Xmx512m -Xms512m'
[VARIAVEL]    'JAVA_DEBUG'='n'
[VARIAVEL]    'JAVA_DEBUG_SUSPEND'='n'
[VARIAVEL]    'JAVA_DEBUG_PORT'='8123'
[FINALIZANDO function] java_variables
[INICIANDO function]   log_variables()
[VARIAVEL]    'LOG_DIR'='../logs'
[VARIAVEL]    'DATA_START'='20110810184732'
[VARIAVEL]    'LOG_ROTATE_CONF'='Projetos.logrotate'
[FINALIZANDO function] log_variables
[FINALIZANDO function] setup
[INICIANDO function]   pre_start()
[INICIANDO function]   pre_java_start()
[VARIAVEL]    'MAVEN_PRE_JAVA_START'='clean compile'
[INICIANDO function]   maven(clean compile)
[VARIAVEL]    'MAVEN_OPTS'='-Xmx512m -Xms512m'
[VARIAVEL]    'JAVA_DEBUG'='n'
[INICIANDO file]   /usr/bin/mvn(clean compile)
[FINALIZANDO file] /usr/bin/mvn
[FINALIZANDO function] maven
[FINALIZANDO function] pre_java_start
[FINALIZANDO function] pre_start
[INICIANDO function]   start()
[INICIANDO function]   java_start()
[VARIAVEL]    'MAVEN_JAVA_START'='-PProjetos tomcat:run'
[INICIANDO function]   maven(-PProjetos tomcat:run)
[VARIAVEL]    'MAVEN_OPTS'='-Xmx512m -Xms512m'
[VARIAVEL]    'JAVA_DEBUG'='n'
[INICIANDO file]   /usr/bin/mvn(-PProjetos tomcat:run)
[FINALIZANDO file] /usr/bin/mvn
[FINALIZANDO function] maven
[FINALIZANDO function] java_start
[FINALIZANDO function] start
[FINALIZANDO function] main
[INICIANDO function]   post_stop()
[INICIANDO function]   before_post_stop()
[VARIAVEL]    'DATA_STOP'='20110810184736'
[FINALIZANDO function] before_post_stop
[INICIANDO function]   log_variables_on_stop()
[VARIAVEL]    'LOG_FOLDER_NAME'='_20110810184732_20110810184736'
[FINALIZANDO function] log_variables_on_stop
[FINALIZANDO function] post_stop
[INICIANDO function]   main(start)
[INICIANDO function]   help_variables()
[VARIAVEL]    'COMMANDS'='start|pre_start|post_stop|start_only'
[FINALIZANDO function] help_variables
[VARIAVEL]    'ACTION'='start'
[INICIANDO function]   setup()
[INICIANDO function]   global_variables()
[VARIAVEL]    'SCRIPT_NAME'='./localScript.sh'
[VARIAVEL]    'SCRIPT_PATH'='/Users/cdavidnt/Dropbox/WDEV/Projetos/loadEnvironment'
[VARIAVEL]    'AMBIENTE_PATH'='/Users/cdavidnt/Dropbox/WDEV/Projetos'
[VARIAVEL]    'AMBIENTE'='Projetos'
[VARIAVEL]    'APP_NAME'=''
[FINALIZANDO function] global_variables
[INICIANDO function]   java_variables()
[VARIAVEL]    'JAVA_HOME'='/usr'
[VARIAVEL]    'MAVEN_HOME'=''
[VARIAVEL]    'MAVEN_HOME'=''
[VARIAVEL]    'MAVEN_HOME'='/usr'
[VARIAVEL]    'MAVEN_BIN'='/usr/bin/mvn'
[VARIAVEL]    'JAVA_OPTS'='-Xmx512m -Xms512m'
[VARIAVEL]    'JAVA_DEBUG'='n'
[VARIAVEL]    'JAVA_DEBUG_SUSPEND'='n'
[VARIAVEL]    'JAVA_DEBUG_PORT'='8123'
[FINALIZANDO function] java_variables
[INICIANDO function]   log_variables()
[VARIAVEL]    'LOG_DIR'='../logs'
[VARIAVEL]    'DATA_START'='20110810184825'
[VARIAVEL]    'LOG_ROTATE_CONF'='Projetos.logrotate'
[FINALIZANDO function] log_variables
[FINALIZANDO function] setup
[INICIANDO function]   pre_start()
[INICIANDO function]   pre_java_start()
[VARIAVEL]    'MAVEN_PRE_JAVA_START'='clean compile'
[INICIANDO function]   maven(clean compile)
[VARIAVEL]    'MAVEN_OPTS'='-Xmx512m -Xms512m'
[VARIAVEL]    'JAVA_DEBUG'='n'
[INICIANDO file]   /usr/bin/mvn(clean compile)
[FINALIZANDO file] /usr/bin/mvn
[FINALIZANDO function] maven
[FINALIZANDO function] pre_java_start
[FINALIZANDO function] pre_start
[INICIANDO function]   start()
[INICIANDO function]   java_start()
[VARIAVEL]    'MAVEN_JAVA_START'='-PProjetos tomcat:run'
[INICIANDO function]   maven(-PProjetos tomcat:run)
[VARIAVEL]    'MAVEN_OPTS'='-Xmx512m -Xms512m'
[VARIAVEL]    'JAVA_DEBUG'='n'
[INICIANDO file]   /usr/bin/mvn(-PProjetos tomcat:run)
[FINALIZANDO file] /usr/bin/mvn
[FINALIZANDO function] maven
[FINALIZANDO function] java_start
[FINALIZANDO function] start
[FINALIZANDO function] main
[INICIANDO function]   post_stop()
[INICIANDO function]   before_post_stop()
[VARIAVEL]    'DATA_STOP'='20110810184829'
[FINALIZANDO function] before_post_stop
[INICIANDO function]   log_variables_on_stop()
[VARIAVEL]    'LOG_FOLDER_NAME'='_20110810184825_20110810184829'
[FINALIZANDO function] log_variables_on_stop
[FINALIZANDO function] post_stop
[INICIANDO function]   main(start)
[INICIANDO function]   help_variables()
[VARIAVEL]    'COMMANDS'='start|pre_start|post_stop|start_only'
[FINALIZANDO function] help_variables
[VARIAVEL]    'ACTION'='start'
[INICIANDO function]   setup()
[INICIANDO function]   global_variables()
[VARIAVEL]    'SCRIPT_NAME'='./localScript.sh'
[VARIAVEL]    'SCRIPT_PATH'='/Users/cdavidnt/Dropbox/WDEV/Projetos/loadEnvironment'
[VARIAVEL]    'AMBIENTE_PATH'='/Users/cdavidnt/Dropbox/WDEV/Projetos'
[VARIAVEL]    'AMBIENTE'='Projetos'
[VARIAVEL]    'APP_NAME'=''
[FINALIZANDO function] global_variables
[INICIANDO function]   java_variables()
[VARIAVEL]    'JAVA_HOME'='/usr'
[VARIAVEL]    'MAVEN_HOME'=''
[VARIAVEL]    'MAVEN_HOME'=''
[VARIAVEL]    'MAVEN_HOME'='/usr'
[VARIAVEL]    'MAVEN_BIN'='/usr/bin/mvn'
[VARIAVEL]    'JAVA_OPTS'='-Xmx512m -Xms512m'
[VARIAVEL]    'JAVA_DEBUG'='n'
[VARIAVEL]    'JAVA_DEBUG_SUSPEND'='n'
[VARIAVEL]    'JAVA_DEBUG_PORT'='8123'
[FINALIZANDO function] java_variables
[INICIANDO function]   log_variables()
[VARIAVEL]    'LOG_DIR'='../logs'
[VARIAVEL]    'DATA_START'='20110810184915'
[VARIAVEL]    'LOG_ROTATE_CONF'='Projetos.logrotate'
[FINALIZANDO function] log_variables
[FINALIZANDO function] setup
[INICIANDO function]   pre_start()
[INICIANDO function]   pre_java_start()
[VARIAVEL]    'MAVEN_PRE_JAVA_START'='clean compile'
[INICIANDO function]   maven(clean compile)
[VARIAVEL]    'MAVEN_OPTS'='-Xmx512m -Xms512m'
[VARIAVEL]    'JAVA_DEBUG'='n'
[INICIANDO file]   /usr/bin/mvn(clean compile)
[FINALIZANDO file] /usr/bin/mvn
[FINALIZANDO function] maven
[FINALIZANDO function] pre_java_start
[FINALIZANDO function] pre_start
[INICIANDO function]   start()
[INICIANDO function]   java_start()
[VARIAVEL]    'MAVEN_JAVA_START'='-PProjetos tomcat:run'
[INICIANDO function]   maven(-PProjetos tomcat:run)
[VARIAVEL]    'MAVEN_OPTS'='-Xmx512m -Xms512m'
[VARIAVEL]    'JAVA_DEBUG'='n'
[INICIANDO file]   /usr/bin/mvn(-PProjetos tomcat:run)
[FINALIZANDO file] /usr/bin/mvn
[FINALIZANDO function] maven
[FINALIZANDO function] java_start
[FINALIZANDO function] start
[FINALIZANDO function] main
[INICIANDO function]   post_stop()
[INICIANDO function]   before_post_stop()
[VARIAVEL]    'DATA_STOP'='20110810184919'
[FINALIZANDO function] before_post_stop
[INICIANDO function]   log_variables_on_stop()
[VARIAVEL]    'LOG_FOLDER_NAME'='_20110810184915_20110810184919'
[FINALIZANDO function] log_variables_on_stop
[FINALIZANDO function] post_stop
[INICIANDO function]   main(start)
[INICIANDO function]   help_variables()
[VARIAVEL]    'COMMANDS'='start|pre_start|post_stop|start_only'
[FINALIZANDO function] help_variables
[VARIAVEL]    'ACTION'='start'
[INICIANDO function]   setup()
[INICIANDO function]   global_variables()
[VARIAVEL]    'SCRIPT_NAME'='./localScript.sh'
[VARIAVEL]    'SCRIPT_PATH'='/Users/cdavidnt/Dropbox/WDEV/Projetos/loadEnvironment'
[VARIAVEL]    'AMBIENTE_PATH'='/Users/cdavidnt/Dropbox/WDEV/Projetos'
[VARIAVEL]    'AMBIENTE'='Projetos'
[VARIAVEL]    'APP_NAME'=''
[FINALIZANDO function] global_variables
[INICIANDO function]   java_variables()
[VARIAVEL]    'JAVA_HOME'='/usr'
[VARIAVEL]    'MAVEN_HOME'=''
[VARIAVEL]    'MAVEN_HOME'=''
[VARIAVEL]    'MAVEN_HOME'='/usr'
[VARIAVEL]    'MAVEN_BIN'='/usr/bin/mvn'
[VARIAVEL]    'JAVA_OPTS'='-Xmx512m -Xms512m'
[VARIAVEL]    'JAVA_DEBUG'='n'
[VARIAVEL]    'JAVA_DEBUG_SUSPEND'='n'
[VARIAVEL]    'JAVA_DEBUG_PORT'='8123'
[FINALIZANDO function] java_variables
[INICIANDO function]   log_variables()
[VARIAVEL]    'LOG_DIR'='../logs'
[VARIAVEL]    'DATA_START'='20110810184923'
[VARIAVEL]    'LOG_ROTATE_CONF'='Projetos.logrotate'
[FINALIZANDO function] log_variables
[FINALIZANDO function] setup
[INICIANDO function]   pre_start()
[INICIANDO function]   pre_java_start()
[VARIAVEL]    'MAVEN_PRE_JAVA_START'='clean compile'
[INICIANDO function]   maven(clean compile)
[VARIAVEL]    'MAVEN_OPTS'='-Xmx512m -Xms512m'
[VARIAVEL]    'JAVA_DEBUG'='n'
[INICIANDO file]   /usr/bin/mvn(clean compile)
[FINALIZANDO file] /usr/bin/mvn
[FINALIZANDO function] maven
[FINALIZANDO function] pre_java_start
[FINALIZANDO function] pre_start
[INICIANDO function]   start()
[INICIANDO function]   java_start()
[VARIAVEL]    'MAVEN_JAVA_START'='-PProjetos tomcat:run'
[INICIANDO function]   maven(-PProjetos tomcat:run)
[VARIAVEL]    'MAVEN_OPTS'='-Xmx512m -Xms512m'
[VARIAVEL]    'JAVA_DEBUG'='n'
[INICIANDO file]   /usr/bin/mvn(-PProjetos tomcat:run)
[FINALIZANDO file] /usr/bin/mvn
[FINALIZANDO function] maven
[FINALIZANDO function] java_start
[FINALIZANDO function] start
[FINALIZANDO function] main
[INICIANDO function]   post_stop()
[INICIANDO function]   before_post_stop()
[VARIAVEL]    'DATA_STOP'='20110810184927'
[FINALIZANDO function] before_post_stop
[INICIANDO function]   log_variables_on_stop()
[VARIAVEL]    'LOG_FOLDER_NAME'='_20110810184923_20110810184927'
[FINALIZANDO function] log_variables_on_stop
[FINALIZANDO function] post_stop
[INICIANDO function]   main(start)
[INICIANDO function]   help_variables()
[VARIAVEL]    'COMMANDS'='start|pre_start|post_stop|start_only'
[FINALIZANDO function] help_variables
[VARIAVEL]    'ACTION'='start'
[INICIANDO function]   setup()
[INICIANDO function]   global_variables()
[VARIAVEL]    'SCRIPT_NAME'='./localScript.sh'
[VARIAVEL]    'SCRIPT_PATH'='/Users/cdavidnt/Dropbox/WDEV/Projetos/loadEnvironment'
[VARIAVEL]    'AMBIENTE_PATH'='/Users/cdavidnt/Dropbox/WDEV/Projetos'
[VARIAVEL]    'AMBIENTE'='Projetos'
[VARIAVEL]    'APP_NAME'=''
[FINALIZANDO function] global_variables
[INICIANDO function]   java_variables()
[VARIAVEL]    'JAVA_HOME'='/usr'
[VARIAVEL]    'MAVEN_HOME'=''
[VARIAVEL]    'MAVEN_HOME'=''
[VARIAVEL]    'MAVEN_HOME'='/usr'
[VARIAVEL]    'MAVEN_BIN'='/usr/bin/mvn'
[VARIAVEL]    'JAVA_OPTS'='-Xmx512m -Xms512m'
[VARIAVEL]    'JAVA_DEBUG'='n'
[VARIAVEL]    'JAVA_DEBUG_SUSPEND'='n'
[VARIAVEL]    'JAVA_DEBUG_PORT'='8123'
[FINALIZANDO function] java_variables
[INICIANDO function]   log_variables()
[VARIAVEL]    'LOG_DIR'='../logs'
[VARIAVEL]    'DATA_START'='20110810191438'
[VARIAVEL]    'LOG_ROTATE_CONF'='Projetos.logrotate'
[FINALIZANDO function] log_variables
[FINALIZANDO function] setup
[INICIANDO function]   pre_start()
[INICIANDO function]   pre_java_start()
[VARIAVEL]    'MAVEN_PRE_JAVA_START'='clean compile'
[INICIANDO function]   maven(clean compile)
[VARIAVEL]    'MAVEN_OPTS'='-Xmx512m -Xms512m'
[VARIAVEL]    'JAVA_DEBUG'='n'
[INICIANDO file]   /usr/bin/mvn(clean compile)
[FINALIZANDO file] /usr/bin/mvn
[FINALIZANDO function] maven
[FINALIZANDO function] pre_java_start
[FINALIZANDO function] pre_start
[INICIANDO function]   start()
[INICIANDO function]   java_start()
[VARIAVEL]    'MAVEN_JAVA_START'='-PProjetos tomcat:run'
[INICIANDO function]   maven(-PProjetos tomcat:run)
[VARIAVEL]    'MAVEN_OPTS'='-Xmx512m -Xms512m'
[VARIAVEL]    'JAVA_DEBUG'='n'
[INICIANDO file]   /usr/bin/mvn(-PProjetos tomcat:run)
[FINALIZANDO file] /usr/bin/mvn
[FINALIZANDO function] maven
[FINALIZANDO function] java_start
[FINALIZANDO function] start
[FINALIZANDO function] main
[INICIANDO function]   post_stop()
[INICIANDO function]   before_post_stop()
[VARIAVEL]    'DATA_STOP'='20110810191442'
[FINALIZANDO function] before_post_stop
[INICIANDO function]   log_variables_on_stop()
[VARIAVEL]    'LOG_FOLDER_NAME'='_20110810191438_20110810191442'
[FINALIZANDO function] log_variables_on_stop
[FINALIZANDO function] post_stop
[INICIANDO function]   main(start)
[INICIANDO function]   help_variables()
[VARIAVEL]    'COMMANDS'='start|pre_start|post_stop|start_only'
[FINALIZANDO function] help_variables
[VARIAVEL]    'ACTION'='start'
[INICIANDO function]   setup()
[INICIANDO function]   global_variables()
[VARIAVEL]    'SCRIPT_NAME'='./localScript.sh'
[VARIAVEL]    'SCRIPT_PATH'='/Users/cdavidnt/Dropbox/WDEV/Projetos/loadEnvironment'
[VARIAVEL]    'AMBIENTE_PATH'='/Users/cdavidnt/Dropbox/WDEV/Projetos'
[VARIAVEL]    'AMBIENTE'='Projetos'
[VARIAVEL]    'APP_NAME'=''
[FINALIZANDO function] global_variables
[INICIANDO function]   java_variables()
[VARIAVEL]    'JAVA_HOME'='/usr'
[VARIAVEL]    'MAVEN_HOME'=''
[VARIAVEL]    'MAVEN_HOME'=''
[VARIAVEL]    'MAVEN_HOME'='/usr'
[VARIAVEL]    'MAVEN_BIN'='/usr/bin/mvn'
[VARIAVEL]    'JAVA_OPTS'='-Xmx512m -Xms512m'
[VARIAVEL]    'JAVA_DEBUG'='n'
[VARIAVEL]    'JAVA_DEBUG_SUSPEND'='n'
[VARIAVEL]    'JAVA_DEBUG_PORT'='8123'
[FINALIZANDO function] java_variables
[INICIANDO function]   log_variables()
[VARIAVEL]    'LOG_DIR'='../logs'
[VARIAVEL]    'DATA_START'='20110810191522'
[VARIAVEL]    'LOG_ROTATE_CONF'='Projetos.logrotate'
[FINALIZANDO function] log_variables
[FINALIZANDO function] setup
[INICIANDO function]   pre_start()
[INICIANDO function]   pre_java_start()
[VARIAVEL]    'MAVEN_PRE_JAVA_START'='clean compile'
[INICIANDO function]   maven(clean compile)
[VARIAVEL]    'MAVEN_OPTS'='-Xmx512m -Xms512m'
[VARIAVEL]    'JAVA_DEBUG'='n'
[INICIANDO file]   /usr/bin/mvn(clean compile)
[FINALIZANDO file] /usr/bin/mvn
[FINALIZANDO function] maven
[FINALIZANDO function] pre_java_start
[FINALIZANDO function] pre_start
[INICIANDO function]   start()
[INICIANDO function]   java_start()
[VARIAVEL]    'MAVEN_JAVA_START'='-PProjetos tomcat:run'
[INICIANDO function]   maven(-PProjetos tomcat:run)
[VARIAVEL]    'MAVEN_OPTS'='-Xmx512m -Xms512m'
[VARIAVEL]    'JAVA_DEBUG'='n'
[INICIANDO file]   /usr/bin/mvn(-PProjetos tomcat:run)
[FINALIZANDO file] /usr/bin/mvn
[FINALIZANDO function] maven
[FINALIZANDO function] java_start
[FINALIZANDO function] start
[FINALIZANDO function] main
[INICIANDO function]   post_stop()
[INICIANDO function]   before_post_stop()
[VARIAVEL]    'DATA_STOP'='20110810191526'
[FINALIZANDO function] before_post_stop
[INICIANDO function]   log_variables_on_stop()
[VARIAVEL]    'LOG_FOLDER_NAME'='_20110810191522_20110810191526'
[FINALIZANDO function] log_variables_on_stop
[FINALIZANDO function] post_stop
[INICIANDO function]   main(start)
[INICIANDO function]   help_variables()
[VARIAVEL]    'COMMANDS'='start|pre_start|post_stop|start_only'
[FINALIZANDO function] help_variables
[VARIAVEL]    'ACTION'='start'
[INICIANDO function]   setup()
[INICIANDO function]   global_variables()
[VARIAVEL]    'SCRIPT_NAME'='./localScript.sh'
[VARIAVEL]    'SCRIPT_PATH'='/Users/cdavidnt/Dropbox/WDEV/Projetos/loadEnvironment'
[VARIAVEL]    'AMBIENTE_PATH'='/Users/cdavidnt/Dropbox/WDEV/Projetos'
[VARIAVEL]    'AMBIENTE'='Projetos'
[VARIAVEL]    'APP_NAME'=''
[FINALIZANDO function] global_variables
[INICIANDO function]   java_variables()
[VARIAVEL]    'JAVA_HOME'='/usr'
[VARIAVEL]    'MAVEN_HOME'=''
[VARIAVEL]    'MAVEN_HOME'=''
[VARIAVEL]    'MAVEN_HOME'='/usr'
[VARIAVEL]    'MAVEN_BIN'='/usr/bin/mvn'
[VARIAVEL]    'JAVA_OPTS'='-Xmx512m -Xms512m'
[VARIAVEL]    'JAVA_DEBUG'='n'
[VARIAVEL]    'JAVA_DEBUG_SUSPEND'='n'
[VARIAVEL]    'JAVA_DEBUG_PORT'='8123'
[FINALIZANDO function] java_variables
[INICIANDO function]   log_variables()
[VARIAVEL]    'LOG_DIR'='../logs'
[VARIAVEL]    'DATA_START'='20110810191621'
[VARIAVEL]    'LOG_ROTATE_CONF'='Projetos.logrotate'
[FINALIZANDO function] log_variables
[FINALIZANDO function] setup
[INICIANDO function]   pre_start()
[INICIANDO function]   pre_java_start()
[VARIAVEL]    'MAVEN_PRE_JAVA_START'='clean compile'
[INICIANDO function]   maven(clean compile)
[VARIAVEL]    'MAVEN_OPTS'='-Xmx512m -Xms512m'
[VARIAVEL]    'JAVA_DEBUG'='n'
[INICIANDO file]   /usr/bin/mvn(clean compile)
[FINALIZANDO file] /usr/bin/mvn
[FINALIZANDO function] maven
[FINALIZANDO function] pre_java_start
[FINALIZANDO function] pre_start
[INICIANDO function]   start()
[INICIANDO function]   java_start()
[VARIAVEL]    'MAVEN_JAVA_START'='-PProjetos tomcat:run'
[INICIANDO function]   maven(-PProjetos tomcat:run)
[VARIAVEL]    'MAVEN_OPTS'='-Xmx512m -Xms512m'
[VARIAVEL]    'JAVA_DEBUG'='n'
[INICIANDO file]   /usr/bin/mvn(-PProjetos tomcat:run)
[FINALIZANDO file] /usr/bin/mvn
[FINALIZANDO function] maven
[FINALIZANDO function] java_start
[FINALIZANDO function] start
[FINALIZANDO function] main
[INICIANDO function]   post_stop()
[INICIANDO function]   before_post_stop()
[VARIAVEL]    'DATA_STOP'='20110810191626'
[FINALIZANDO function] before_post_stop
[INICIANDO function]   log_variables_on_stop()
[VARIAVEL]    'LOG_FOLDER_NAME'='_20110810191621_20110810191626'
[FINALIZANDO function] log_variables_on_stop
[FINALIZANDO function] post_stop
[INICIANDO function]   main(start)
[INICIANDO function]   help_variables()
[VARIAVEL]    'COMMANDS'='start|pre_start|post_stop|start_only'
[FINALIZANDO function] help_variables
[VARIAVEL]    'ACTION'='start'
[INICIANDO function]   setup()
[INICIANDO function]   global_variables()
[VARIAVEL]    'SCRIPT_NAME'='./localScript.sh'
[VARIAVEL]    'SCRIPT_PATH'='/Users/cdavidnt/Dropbox/WDEV/Projetos/loadEnvironment'
[VARIAVEL]    'AMBIENTE_PATH'='/Users/cdavidnt/Dropbox/WDEV/Projetos'
[VARIAVEL]    'AMBIENTE'='Projetos'
[VARIAVEL]    'APP_NAME'=''
[FINALIZANDO function] global_variables
[INICIANDO function]   java_variables()
[VARIAVEL]    'JAVA_HOME'='/usr'
[VARIAVEL]    'MAVEN_HOME'=''
[VARIAVEL]    'MAVEN_HOME'=''
[VARIAVEL]    'MAVEN_HOME'='/usr'
[VARIAVEL]    'MAVEN_BIN'='/usr/bin/mvn'
[VARIAVEL]    'JAVA_OPTS'='-Xmx512m -Xms512m'
[VARIAVEL]    'JAVA_DEBUG'='n'
[VARIAVEL]    'JAVA_DEBUG_SUSPEND'='n'
[VARIAVEL]    'JAVA_DEBUG_PORT'='8123'
[FINALIZANDO function] java_variables
[INICIANDO function]   log_variables()
[VARIAVEL]    'LOG_DIR'='../logs'
[VARIAVEL]    'DATA_START'='20110810191652'
[VARIAVEL]    'LOG_ROTATE_CONF'='Projetos.logrotate'
[FINALIZANDO function] log_variables
[FINALIZANDO function] setup
[INICIANDO function]   pre_start()
[INICIANDO function]   pre_java_start()
[VARIAVEL]    'MAVEN_PRE_JAVA_START'='clean compile'
[INICIANDO function]   maven(clean compile)
[VARIAVEL]    'MAVEN_OPTS'='-Xmx512m -Xms512m'
[VARIAVEL]    'JAVA_DEBUG'='n'
[INICIANDO file]   /usr/bin/mvn(clean compile)
[FINALIZANDO file] /usr/bin/mvn
[FINALIZANDO function] maven
[FINALIZANDO function] pre_java_start
[FINALIZANDO function] pre_start
[INICIANDO function]   start()
[INICIANDO function]   java_start()
[VARIAVEL]    'MAVEN_JAVA_START'='-PProjetos tomcat:run'
[INICIANDO function]   maven(-PProjetos tomcat:run)
[VARIAVEL]    'MAVEN_OPTS'='-Xmx512m -Xms512m'
[VARIAVEL]    'JAVA_DEBUG'='n'
[INICIANDO file]   /usr/bin/mvn(-PProjetos tomcat:run)
[FINALIZANDO file] /usr/bin/mvn
[FINALIZANDO function] maven
[FINALIZANDO function] java_start
[FINALIZANDO function] start
[FINALIZANDO function] main
[INICIANDO function]   post_stop()
[INICIANDO function]   before_post_stop()
[VARIAVEL]    'DATA_STOP'='20110810191656'
[FINALIZANDO function] before_post_stop
[INICIANDO function]   log_variables_on_stop()
[VARIAVEL]    'LOG_FOLDER_NAME'='_20110810191652_20110810191656'
[FINALIZANDO function] log_variables_on_stop
[FINALIZANDO function] post_stop
[INICIANDO function]   main(start)
[INICIANDO function]   help_variables()
[VARIAVEL]    'COMMANDS'='start|pre_start|post_stop|start_only'
[FINALIZANDO function] help_variables
[VARIAVEL]    'ACTION'='start'
[INICIANDO function]   setup()
[INICIANDO function]   global_variables()
[VARIAVEL]    'SCRIPT_NAME'='./localScript.sh'
[VARIAVEL]    'SCRIPT_PATH'='/Users/cdavidnt/Dropbox/WDEV/Projetos/loadEnvironment'
[VARIAVEL]    'AMBIENTE_PATH'='/Users/cdavidnt/Dropbox/WDEV/Projetos'
[VARIAVEL]    'AMBIENTE'='Projetos'
[VARIAVEL]    'APP_NAME'=''
[FINALIZANDO function] global_variables
[INICIANDO function]   java_variables()
[VARIAVEL]    'JAVA_HOME'='/usr'
[VARIAVEL]    'MAVEN_HOME'=''
[VARIAVEL]    'MAVEN_HOME'=''
[VARIAVEL]    'MAVEN_HOME'='/usr'
[VARIAVEL]    'MAVEN_BIN'='/usr/bin/mvn'
[VARIAVEL]    'JAVA_OPTS'='-Xmx512m -Xms512m'
[VARIAVEL]    'JAVA_DEBUG'='n'
[VARIAVEL]    'JAVA_DEBUG_SUSPEND'='n'
[VARIAVEL]    'JAVA_DEBUG_PORT'='8123'
[FINALIZANDO function] java_variables
[INICIANDO function]   log_variables()
[VARIAVEL]    'LOG_DIR'='../logs'
[VARIAVEL]    'DATA_START'='20110810191737'
[VARIAVEL]    'LOG_ROTATE_CONF'='Projetos.logrotate'
[FINALIZANDO function] log_variables
[FINALIZANDO function] setup
[INICIANDO function]   pre_start()
[INICIANDO function]   pre_java_start()
[VARIAVEL]    'MAVEN_PRE_JAVA_START'='clean compile'
[INICIANDO function]   maven(clean compile)
[VARIAVEL]    'MAVEN_OPTS'='-Xmx512m -Xms512m'
[VARIAVEL]    'JAVA_DEBUG'='n'
[INICIANDO file]   /usr/bin/mvn(clean compile)
[FINALIZANDO file] /usr/bin/mvn
[FINALIZANDO function] maven
[FINALIZANDO function] pre_java_start
[FINALIZANDO function] pre_start
[INICIANDO function]   start()
[INICIANDO function]   java_start()
[VARIAVEL]    'MAVEN_JAVA_START'='-PProjetos tomcat:run'
[INICIANDO function]   maven(-PProjetos tomcat:run)
[VARIAVEL]    'MAVEN_OPTS'='-Xmx512m -Xms512m'
[VARIAVEL]    'JAVA_DEBUG'='n'
[INICIANDO file]   /usr/bin/mvn(-PProjetos tomcat:run)
[FINALIZANDO file] /usr/bin/mvn
[FINALIZANDO function] maven
[FINALIZANDO function] java_start
[FINALIZANDO function] start
[FINALIZANDO function] main
[INICIANDO function]   post_stop()
[INICIANDO function]   before_post_stop()
[VARIAVEL]    'DATA_STOP'='20110810191741'
[FINALIZANDO function] before_post_stop
[INICIANDO function]   log_variables_on_stop()
[VARIAVEL]    'LOG_FOLDER_NAME'='_20110810191737_20110810191741'
[FINALIZANDO function] log_variables_on_stop
[FINALIZANDO function] post_stop
[INICIANDO function]   main(start)
[INICIANDO function]   help_variables()
[VARIAVEL]    'COMMANDS'='start|pre_start|post_stop|start_only'
[FINALIZANDO function] help_variables
[VARIAVEL]    'ACTION'='start'
[INICIANDO function]   setup()
[INICIANDO function]   global_variables()
[VARIAVEL]    'SCRIPT_NAME'='./localScript.sh'
[VARIAVEL]    'SCRIPT_PATH'='/Users/cdavidnt/Dropbox/WDEV/Projetos/loadEnvironment'
[VARIAVEL]    'AMBIENTE_PATH'='/Users/cdavidnt/Dropbox/WDEV/Projetos'
[VARIAVEL]    'AMBIENTE'='Projetos'
[VARIAVEL]    'APP_NAME'=''
[FINALIZANDO function] global_variables
[INICIANDO function]   java_variables()
[VARIAVEL]    'JAVA_HOME'='/usr'
[VARIAVEL]    'MAVEN_HOME'=''
[VARIAVEL]    'MAVEN_HOME'=''
[VARIAVEL]    'MAVEN_HOME'='/usr'
[VARIAVEL]    'MAVEN_BIN'='/usr/bin/mvn'
[VARIAVEL]    'JAVA_OPTS'='-Xmx512m -Xms512m'
[VARIAVEL]    'JAVA_DEBUG'='n'
[VARIAVEL]    'JAVA_DEBUG_SUSPEND'='n'
[VARIAVEL]    'JAVA_DEBUG_PORT'='8123'
[FINALIZANDO function] java_variables
[INICIANDO function]   log_variables()
[VARIAVEL]    'LOG_DIR'='../logs'
[VARIAVEL]    'DATA_START'='20110810192024'
[VARIAVEL]    'LOG_ROTATE_CONF'='Projetos.logrotate'
[FINALIZANDO function] log_variables
[FINALIZANDO function] setup
[INICIANDO function]   pre_start()
[INICIANDO function]   pre_java_start()
[VARIAVEL]    'MAVEN_PRE_JAVA_START'='clean compile'
[INICIANDO function]   maven(clean compile)
[VARIAVEL]    'MAVEN_OPTS'='-Xmx512m -Xms512m'
[VARIAVEL]    'JAVA_DEBUG'='n'
[INICIANDO file]   /usr/bin/mvn(clean compile)
[FINALIZANDO file] /usr/bin/mvn
[FINALIZANDO function] maven
[FINALIZANDO function] pre_java_start
[FINALIZANDO function] pre_start
[INICIANDO function]   start()
[INICIANDO function]   java_start()
[VARIAVEL]    'MAVEN_JAVA_START'='-PProjetos tomcat:run'
[INICIANDO function]   maven(-PProjetos tomcat:run)
[VARIAVEL]    'MAVEN_OPTS'='-Xmx512m -Xms512m'
[VARIAVEL]    'JAVA_DEBUG'='n'
[INICIANDO file]   /usr/bin/mvn(-PProjetos tomcat:run)
[FINALIZANDO file] /usr/bin/mvn
[FINALIZANDO function] maven
[FINALIZANDO function] java_start
[FINALIZANDO function] start
[FINALIZANDO function] main
[INICIANDO function]   post_stop()
[INICIANDO function]   before_post_stop()
[VARIAVEL]    'DATA_STOP'='20110810192029'
[FINALIZANDO function] before_post_stop
[INICIANDO function]   log_variables_on_stop()
[VARIAVEL]    'LOG_FOLDER_NAME'='_20110810192024_20110810192029'
[FINALIZANDO function] log_variables_on_stop
[FINALIZANDO function] post_stop
[INICIANDO function]   main(start)
[INICIANDO function]   help_variables()
[VARIAVEL]    'COMMANDS'='start|pre_start|post_stop|start_only'
[FINALIZANDO function] help_variables
[VARIAVEL]    'ACTION'='start'
[INICIANDO function]   setup()
[INICIANDO function]   global_variables()
[VARIAVEL]    'SCRIPT_NAME'='./localScript.sh'
[VARIAVEL]    'SCRIPT_PATH'='/Users/cdavidnt/Dropbox/WDEV/Projetos/loadEnvironment'
[VARIAVEL]    'AMBIENTE_PATH'='/Users/cdavidnt/Dropbox/WDEV/Projetos'
[VARIAVEL]    'AMBIENTE'='Projetos'
[VARIAVEL]    'APP_NAME'=''
[FINALIZANDO function] global_variables
[INICIANDO function]   java_variables()
[VARIAVEL]    'JAVA_HOME'='/usr'
[VARIAVEL]    'MAVEN_HOME'=''
[VARIAVEL]    'MAVEN_HOME'=''
[VARIAVEL]    'MAVEN_HOME'='/usr'
[VARIAVEL]    'MAVEN_BIN'='/usr/bin/mvn'
[VARIAVEL]    'JAVA_OPTS'='-Xmx512m -Xms512m'
[VARIAVEL]    'JAVA_DEBUG'='n'
[VARIAVEL]    'JAVA_DEBUG_SUSPEND'='n'
[VARIAVEL]    'JAVA_DEBUG_PORT'='8123'
[FINALIZANDO function] java_variables
[INICIANDO function]   log_variables()
[VARIAVEL]    'LOG_DIR'='../logs'
[VARIAVEL]    'DATA_START'='20110810215704'
[VARIAVEL]    'LOG_ROTATE_CONF'='Projetos.logrotate'
[FINALIZANDO function] log_variables
[FINALIZANDO function] setup
[INICIANDO function]   pre_start()
[INICIANDO function]   pre_java_start()
[VARIAVEL]    'MAVEN_PRE_JAVA_START'='clean compile'
[INICIANDO function]   maven(clean compile)
[VARIAVEL]    'MAVEN_OPTS'='-Xmx512m -Xms512m'
[VARIAVEL]    'JAVA_DEBUG'='n'
[INICIANDO file]   /usr/bin/mvn(clean compile)
[FINALIZANDO file] /usr/bin/mvn
[FINALIZANDO function] maven
[FINALIZANDO function] pre_java_start
[FINALIZANDO function] pre_start
[INICIANDO function]   start()
[INICIANDO function]   java_start()
[VARIAVEL]    'MAVEN_JAVA_START'='-PProjetos tomcat:run'
[INICIANDO function]   maven(-PProjetos tomcat:run)
[VARIAVEL]    'MAVEN_OPTS'='-Xmx512m -Xms512m'
[VARIAVEL]    'JAVA_DEBUG'='n'
[INICIANDO file]   /usr/bin/mvn(-PProjetos tomcat:run)
[FINALIZANDO file] /usr/bin/mvn
[FINALIZANDO function] maven
[FINALIZANDO function] java_start
[FINALIZANDO function] start
[FINALIZANDO function] main
[INICIANDO function]   post_stop()
[INICIANDO function]   before_post_stop()
[VARIAVEL]    'DATA_STOP'='20110810215709'
[FINALIZANDO function] before_post_stop
[INICIANDO function]   log_variables_on_stop()
[VARIAVEL]    'LOG_FOLDER_NAME'='_20110810215704_20110810215709'
[FINALIZANDO function] log_variables_on_stop
[FINALIZANDO function] post_stop
[INICIANDO function]   main(start)
[INICIANDO function]   help_variables()
[VARIAVEL]    'COMMANDS'='start|pre_start|post_stop|start_only'
[FINALIZANDO function] help_variables
[VARIAVEL]    'ACTION'='start'
[INICIANDO function]   setup()
[INICIANDO function]   global_variables()
[VARIAVEL]    'SCRIPT_NAME'='./localScript.sh'
[VARIAVEL]    'SCRIPT_PATH'='/Users/cdavidnt/Dropbox/WDEV/Projetos/loadEnvironment'
[VARIAVEL]    'AMBIENTE_PATH'='/Users/cdavidnt/Dropbox/WDEV/Projetos'
[VARIAVEL]    'AMBIENTE'='Projetos'
[VARIAVEL]    'APP_NAME'=''
[FINALIZANDO function] global_variables
[INICIANDO function]   java_variables()
[VARIAVEL]    'JAVA_HOME'='/usr'
[VARIAVEL]    'MAVEN_HOME'=''
[VARIAVEL]    'MAVEN_HOME'=''
[VARIAVEL]    'MAVEN_HOME'='/usr'
[VARIAVEL]    'MAVEN_BIN'='/usr/bin/mvn'
[VARIAVEL]    'JAVA_OPTS'='-Xmx512m -Xms512m'
[VARIAVEL]    'JAVA_DEBUG'='n'
[VARIAVEL]    'JAVA_DEBUG_SUSPEND'='n'
[VARIAVEL]    'JAVA_DEBUG_PORT'='8123'
[FINALIZANDO function] java_variables
[INICIANDO function]   log_variables()
[VARIAVEL]    'LOG_DIR'='../logs'
[VARIAVEL]    'DATA_START'='20110810215826'
[VARIAVEL]    'LOG_ROTATE_CONF'='Projetos.logrotate'
[FINALIZANDO function] log_variables
[FINALIZANDO function] setup
[INICIANDO function]   pre_start()
[INICIANDO function]   pre_java_start()
[VARIAVEL]    'MAVEN_PRE_JAVA_START'='clean compile'
[INICIANDO function]   maven(clean compile)
[VARIAVEL]    'MAVEN_OPTS'='-Xmx512m -Xms512m'
[VARIAVEL]    'JAVA_DEBUG'='n'
[INICIANDO file]   /usr/bin/mvn(clean compile)
[FINALIZANDO file] /usr/bin/mvn
[FINALIZANDO function] maven
[FINALIZANDO function] pre_java_start
[FINALIZANDO function] pre_start
[INICIANDO function]   start()
[INICIANDO function]   java_start()
[VARIAVEL]    'MAVEN_JAVA_START'='-PProjetos tomcat:run'
[INICIANDO function]   maven(-PProjetos tomcat:run)
[VARIAVEL]    'MAVEN_OPTS'='-Xmx512m -Xms512m'
[VARIAVEL]    'JAVA_DEBUG'='n'
[INICIANDO file]   /usr/bin/mvn(-PProjetos tomcat:run)
[FINALIZANDO file] /usr/bin/mvn
[FINALIZANDO function] maven
[FINALIZANDO function] java_start
[FINALIZANDO function] start
[FINALIZANDO function] main
[INICIANDO function]   post_stop()
[INICIANDO function]   before_post_stop()
[VARIAVEL]    'DATA_STOP'='20110810215831'
[FINALIZANDO function] before_post_stop
[INICIANDO function]   log_variables_on_stop()
[VARIAVEL]    'LOG_FOLDER_NAME'='_20110810215826_20110810215831'
[FINALIZANDO function] log_variables_on_stop
[FINALIZANDO function] post_stop
[INICIANDO function]   main()
[INICIANDO function]   help_variables()
[VARIAVEL]    'COMMANDS'='start|pre_start|post_stop|start_only'
[FINALIZANDO function] help_variables
[VARIAVEL]    'ACTION'=''
Usage:  (start|pre_start|post_stop|start_only) APPLICATION NAME
[INICIANDO function]   main(start)
[INICIANDO function]   help_variables()
[VARIAVEL]    'COMMANDS'='start|pre_start|post_stop|start_only'
[FINALIZANDO function] help_variables
[VARIAVEL]    'ACTION'='start'
[INICIANDO function]   setup()
[INICIANDO function]   global_variables()
[VARIAVEL]    'SCRIPT_NAME'='./localScript.sh'
[VARIAVEL]    'SCRIPT_PATH'='/Users/cdavidnt/Dropbox/WDEV/Projetos/loadEnvironment'
[VARIAVEL]    'AMBIENTE_PATH'='/Users/cdavidnt/Dropbox/WDEV/Projetos'
[VARIAVEL]    'AMBIENTE'='Projetos'
[VARIAVEL]    'APP_TYPE'=''
[FINALIZANDO function] global_variables
[INICIANDO function]   java_variables()
[VARIAVEL]    'JAVA_HOME'='/usr'
[VARIAVEL]    'MAVEN_HOME'=''
[VARIAVEL]    'MAVEN_HOME'=''
[VARIAVEL]    'MAVEN_HOME'='/usr'
[VARIAVEL]    'MAVEN_BIN'='/usr/bin/mvn'
[VARIAVEL]    'JAVA_OPTS'='-Xmx512m -Xms512m'
[VARIAVEL]    'JAVA_DEBUG'='n'
[VARIAVEL]    'JAVA_DEBUG_SUSPEND'='n'
[VARIAVEL]    'JAVA_DEBUG_PORT'='8123'
[FINALIZANDO function] java_variables
[INICIANDO function]   log_variables()
[VARIAVEL]    'LOG_DIR'='../logs'
[VARIAVEL]    'DATA_START'='20110810225411'
[VARIAVEL]    'LOG_ROTATE_CONF'='Projetos.logrotate'
[FINALIZANDO function] log_variables
[FINALIZANDO function] setup
[INICIANDO function]   pre_start()
[INICIANDO function]   pre_java_start()
[VARIAVEL]    'MAVEN_PRE_JAVA_START'='clean compile'
[INICIANDO function]   maven(clean compile)
[VARIAVEL]    'MAVEN_OPTS'='-Xmx512m -Xms512m'
[VARIAVEL]    'JAVA_DEBUG'='n'
[INICIANDO file]   /usr/bin/mvn(clean compile)
[INICIANDO function]   post_stop()
[INICIANDO function]   before_post_stop()
[VARIAVEL]    'DATA_STOP'='20110810225411'
[FINALIZANDO function] before_post_stop
[INICIANDO function]   log_variables_on_stop()
[VARIAVEL]    'LOG_FOLDER_NAME'='_20110810225411_20110810225411'
[FINALIZANDO function] log_variables_on_stop
[FINALIZANDO function] post_stop
[FINALIZANDO file] /usr/bin/mvn
[FINALIZANDO function] maven
[FINALIZANDO function] pre_java_start
[FINALIZANDO function] pre_start
[INICIANDO function]   start()
[INICIANDO function]   java_start()
[VARIAVEL]    'MAVEN_JAVA_START'='-PProjetos tomcat:run'
[INICIANDO function]   maven(-PProjetos tomcat:run)
[VARIAVEL]    'MAVEN_OPTS'='-Xmx512m -Xms512m'
[VARIAVEL]    'JAVA_DEBUG'='n'
[INICIANDO file]   /usr/bin/mvn(-PProjetos tomcat:run)
[FINALIZANDO file] /usr/bin/mvn
[FINALIZANDO function] maven
[FINALIZANDO function] java_start
[FINALIZANDO function] start
[FINALIZANDO function] main
[INICIANDO function]   post_stop()
[INICIANDO function]   before_post_stop()
[VARIAVEL]    'DATA_STOP'='20110810225414'
[FINALIZANDO function] before_post_stop
[INICIANDO function]   log_variables_on_stop()
[VARIAVEL]    'LOG_FOLDER_NAME'='_20110810225411_20110810225414'
[FINALIZANDO function] log_variables_on_stop
[FINALIZANDO function] post_stop
[INICIANDO function]   main(start)
[INICIANDO function]   help_variables()
[VARIAVEL]    'COMMANDS'='start|pre_start|post_stop|start_only'
[FINALIZANDO function] help_variables
[VARIAVEL]    'ACTION'='start'
[INICIANDO function]   setup()
[INICIANDO function]   global_variables()
[VARIAVEL]    'SCRIPT_NAME'='./localScript.sh'
[VARIAVEL]    'SCRIPT_PATH'='/Users/cdavidnt/Dropbox/WDEV/Projetos/loadEnvironment'
[VARIAVEL]    'AMBIENTE_PATH'='/Users/cdavidnt/Dropbox/WDEV/Projetos'
[VARIAVEL]    'AMBIENTE'='Projetos'
[VARIAVEL]    'APP_TYPE'=''
[FINALIZANDO function] global_variables
[INICIANDO function]   java_variables()
[VARIAVEL]    'JAVA_HOME'='/usr'
[VARIAVEL]    'MAVEN_HOME'=''
[VARIAVEL]    'MAVEN_HOME'=''
[VARIAVEL]    'MAVEN_HOME'='/usr'
[VARIAVEL]    'MAVEN_BIN'='/usr/bin/mvn'
[VARIAVEL]    'JAVA_OPTS'='-Xmx512m -Xms512m'
[VARIAVEL]    'JAVA_DEBUG'='n'
[VARIAVEL]    'JAVA_DEBUG_SUSPEND'='n'
[VARIAVEL]    'JAVA_DEBUG_PORT'='8123'
[FINALIZANDO function] java_variables
[INICIANDO function]   log_variables()
[VARIAVEL]    'LOG_DIR'='../logs'
[VARIAVEL]    'DATA_START'='20110810225530'
[VARIAVEL]    'LOG_ROTATE_CONF'='Projetos.logrotate'
[FINALIZANDO function] log_variables
[FINALIZANDO function] setup
[INICIANDO function]   pre_start()
[INICIANDO function]   pre_java_start()
[VARIAVEL]    'MAVEN_PRE_JAVA_START'='clean compile'
[INICIANDO function]   maven(clean compile)
[VARIAVEL]    'MAVEN_OPTS'='-Xmx512m -Xms512m'
[VARIAVEL]    'JAVA_DEBUG'='n'
[INICIANDO file]   /usr/bin/mvn(clean compile)
[FINALIZANDO file] /usr/bin/mvn
[FINALIZANDO function] maven
[FINALIZANDO function] pre_java_start
[FINALIZANDO function] pre_start
[INICIANDO function]   start()
[INICIANDO function]   java_start()
[VARIAVEL]    'MAVEN_JAVA_START'='-PProjetos tomcat:run'
[INICIANDO function]   maven(-PProjetos tomcat:run)
[VARIAVEL]    'MAVEN_OPTS'='-Xmx512m -Xms512m'
[VARIAVEL]    'JAVA_DEBUG'='n'
[INICIANDO file]   /usr/bin/mvn(-PProjetos tomcat:run)
[INICIANDO function]   post_stop()
[INICIANDO function]   before_post_stop()
[VARIAVEL]    'DATA_STOP'='20110810225531'
[FINALIZANDO function] before_post_stop
[INICIANDO function]   log_variables_on_stop()
[VARIAVEL]    'LOG_FOLDER_NAME'='_20110810225530_20110810225531'
[FINALIZANDO function] log_variables_on_stop
[FINALIZANDO function] post_stop
[FINALIZANDO file] /usr/bin/mvn
[FINALIZANDO function] maven
[FINALIZANDO function] java_start
[FINALIZANDO function] start
[FINALIZANDO function] main
[INICIANDO function]   post_stop()
[INICIANDO function]   before_post_stop()
[VARIAVEL]    'DATA_STOP'='20110810225532'
[FINALIZANDO function] before_post_stop
[INICIANDO function]   log_variables_on_stop()
[VARIAVEL]    'LOG_FOLDER_NAME'='_20110810225530_20110810225532'
[FINALIZANDO function] log_variables_on_stop
[FINALIZANDO function] post_stop
[INICIANDO function]   main(start)
[INICIANDO function]   help_variables()
[VARIAVEL]    'COMMANDS'='start|pre_start|post_stop|start_only'
[FINALIZANDO function] help_variables
[VARIAVEL]    'ACTION'='start'
[INICIANDO function]   setup()
[INICIANDO function]   global_variables()
[VARIAVEL]    'SCRIPT_NAME'='./localScript.sh'
[VARIAVEL]    'SCRIPT_PATH'='/Users/cdavidnt/Dropbox/WDEV/Projetos/loadEnvironment'
[VARIAVEL]    'AMBIENTE_PATH'='/Users/cdavidnt/Dropbox/WDEV/Projetos'
[VARIAVEL]    'AMBIENTE'='Projetos'
[VARIAVEL]    'APP_TYPE'=''
[FINALIZANDO function] global_variables
[INICIANDO function]   java_variables()
[VARIAVEL]    'JAVA_HOME'='/usr'
[VARIAVEL]    'MAVEN_HOME'=''
[VARIAVEL]    'MAVEN_HOME'=''
[VARIAVEL]    'MAVEN_HOME'='/usr'
[VARIAVEL]    'MAVEN_BIN'='/usr/bin/mvn'
[VARIAVEL]    'JAVA_OPTS'='-Xmx512m -Xms512m'
[VARIAVEL]    'JAVA_DEBUG'='n'
[VARIAVEL]    'JAVA_DEBUG_SUSPEND'='n'
[VARIAVEL]    'JAVA_DEBUG_PORT'='8123'
[FINALIZANDO function] java_variables
[INICIANDO function]   log_variables()
[VARIAVEL]    'LOG_DIR'='../logs'
[VARIAVEL]    'DATA_START'='20110810225746'
[VARIAVEL]    'LOG_ROTATE_CONF'='Projetos.logrotate'
[FINALIZANDO function] log_variables
[FINALIZANDO function] setup
[INICIANDO function]   pre_start()
[INICIANDO function]   pre_java_start()
[VARIAVEL]    'MAVEN_PRE_JAVA_START'='clean compile'
[INICIANDO function]   maven(clean compile)
[VARIAVEL]    'MAVEN_OPTS'='-Xmx512m -Xms512m'
[VARIAVEL]    'JAVA_DEBUG'='n'
[INICIANDO file]   /usr/bin/mvn(clean compile)
[INICIANDO function]   post_stop()
[INICIANDO function]   before_post_stop()
[VARIAVEL]    'DATA_STOP'='20110810225746'
[FINALIZANDO function] before_post_stop
[INICIANDO function]   log_variables_on_stop()
[VARIAVEL]    'LOG_FOLDER_NAME'='_20110810225746_20110810225746'
[FINALIZANDO function] log_variables_on_stop
[FINALIZANDO function] post_stop
[FINALIZANDO file] /usr/bin/mvn
[FINALIZANDO function] maven
[FINALIZANDO function] pre_java_start
[FINALIZANDO function] pre_start
[INICIANDO function]   start()
[INICIANDO function]   java_start()
[VARIAVEL]    'MAVEN_JAVA_START'='-PProjetos tomcat:run'
[INICIANDO function]   maven(-PProjetos tomcat:run)
[VARIAVEL]    'MAVEN_OPTS'='-Xmx512m -Xms512m'
[VARIAVEL]    'JAVA_DEBUG'='n'
[INICIANDO file]   /usr/bin/mvn(-PProjetos tomcat:run)
[FINALIZANDO file] /usr/bin/mvn
[FINALIZANDO function] maven
[FINALIZANDO function] java_start
[FINALIZANDO function] start
[FINALIZANDO function] main
[INICIANDO function]   post_stop()
[INICIANDO function]   before_post_stop()
[VARIAVEL]    'DATA_STOP'='20110810225749'
[FINALIZANDO function] before_post_stop
[INICIANDO function]   log_variables_on_stop()
[VARIAVEL]    'LOG_FOLDER_NAME'='_20110810225746_20110810225749'
[FINALIZANDO function] log_variables_on_stop
[FINALIZANDO function] post_stop
[INICIANDO function]   main(start)
[INICIANDO function]   help_variables()
[VARIAVEL]    'COMMANDS'='start|pre_start|post_stop|start_only'
[FINALIZANDO function] help_variables
[VARIAVEL]    'ACTION'='start'
[INICIANDO function]   setup()
[INICIANDO function]   global_variables()
[VARIAVEL]    'SCRIPT_NAME'='localScript.sh'
[VARIAVEL]    'SCRIPT_PATH'='/Users/cdavidnt/Dropbox/WDEV/Projetos/loadEnvironment'
[VARIAVEL]    'AMBIENTE_PATH'='/Users/cdavidnt/Dropbox/WDEV/Projetos'
[VARIAVEL]    'AMBIENTE'='Projetos'
[VARIAVEL]    'APP_TYPE'=''
[FINALIZANDO function] global_variables
[INICIANDO function]   java_variables()
[VARIAVEL]    'JAVA_HOME'='/usr'
[VARIAVEL]    'MAVEN_HOME'=''
[VARIAVEL]    'MAVEN_HOME'=''
[VARIAVEL]    'MAVEN_HOME'='/usr'
[VARIAVEL]    'MAVEN_BIN'='/usr/bin/mvn'
[VARIAVEL]    'JAVA_OPTS'='-Xmx512m -Xms512m'
[VARIAVEL]    'JAVA_DEBUG'='n'
[VARIAVEL]    'JAVA_DEBUG_SUSPEND'='n'
[VARIAVEL]    'JAVA_DEBUG_PORT'='8123'
[FINALIZANDO function] java_variables
[INICIANDO function]   log_variables()
[VARIAVEL]    'LOG_DIR'='../logs'
[VARIAVEL]    'DATA_START'='20110810225824'
[VARIAVEL]    'LOG_ROTATE_CONF'='Projetos.logrotate'
[FINALIZANDO function] log_variables
[FINALIZANDO function] setup
[INICIANDO function]   pre_start()
[INICIANDO function]   pre_java_start()
[VARIAVEL]    'MAVEN_PRE_JAVA_START'='clean compile'
[INICIANDO function]   maven(clean compile)
[VARIAVEL]    'MAVEN_OPTS'='-Xmx512m -Xms512m'
[VARIAVEL]    'JAVA_DEBUG'='n'
[INICIANDO file]   /usr/bin/mvn(clean compile)
[INICIANDO function]   post_stop()
[INICIANDO function]   before_post_stop()
[VARIAVEL]    'DATA_STOP'='20110810225824'
[FINALIZANDO function] before_post_stop
[INICIANDO function]   log_variables_on_stop()
[VARIAVEL]    'LOG_FOLDER_NAME'='_20110810225824_20110810225824'
[FINALIZANDO function] log_variables_on_stop
[FINALIZANDO function] post_stop
[FINALIZANDO file] /usr/bin/mvn
[FINALIZANDO function] maven
[FINALIZANDO function] pre_java_start
[FINALIZANDO function] pre_start
[INICIANDO function]   start()
[INICIANDO function]   java_start()
[VARIAVEL]    'MAVEN_JAVA_START'='-PProjetos tomcat:run'
[INICIANDO function]   maven(-PProjetos tomcat:run)
[VARIAVEL]    'MAVEN_OPTS'='-Xmx512m -Xms512m'
[VARIAVEL]    'JAVA_DEBUG'='n'
[INICIANDO file]   /usr/bin/mvn(-PProjetos tomcat:run)
[FINALIZANDO file] /usr/bin/mvn
[FINALIZANDO function] maven
[FINALIZANDO function] java_start
[FINALIZANDO function] start
[FINALIZANDO function] main
[INICIANDO function]   post_stop()
[INICIANDO function]   before_post_stop()
[VARIAVEL]    'DATA_STOP'='20110810225827'
[FINALIZANDO function] before_post_stop
[INICIANDO function]   log_variables_on_stop()
[VARIAVEL]    'LOG_FOLDER_NAME'='_20110810225824_20110810225827'
[FINALIZANDO function] log_variables_on_stop
[FINALIZANDO function] post_stop
[INICIANDO function]   main(start)
[INICIANDO function]   help_variables()
[VARIAVEL]    'COMMANDS'='start|pre_start|post_stop|start_only'
[FINALIZANDO function] help_variables
[VARIAVEL]    'ACTION'='start'
[INICIANDO function]   setup()
[INICIANDO function]   global_variables()
[VARIAVEL]    'SCRIPT_NAME'='localScript.sh'
[VARIAVEL]    'SCRIPT_PATH'='/Users/cdavidnt/Dropbox/WDEV/Projetos/loadEnvironment'
[VARIAVEL]    'AMBIENTE_PATH'='/Users/cdavidnt/Dropbox/WDEV/Projetos'
[VARIAVEL]    'AMBIENTE'='Projetos'
[VARIAVEL]    'APP_TYPE'=''
[FINALIZANDO function] global_variables
[INICIANDO function]   java_variables()
[VARIAVEL]    'JAVA_HOME'='/usr'
[VARIAVEL]    'MAVEN_HOME'=''
[VARIAVEL]    'MAVEN_HOME'=''
[VARIAVEL]    'MAVEN_HOME'='/usr'
[VARIAVEL]    'MAVEN_BIN'='/usr/bin/mvn'
[VARIAVEL]    'JAVA_OPTS'='-Xmx512m -Xms512m'
[VARIAVEL]    'JAVA_DEBUG'='n'
[VARIAVEL]    'JAVA_DEBUG_SUSPEND'='n'
[VARIAVEL]    'JAVA_DEBUG_PORT'='8123'
[FINALIZANDO function] java_variables
[INICIANDO function]   log_variables()
[VARIAVEL]    'LOG_DIR'='../logs'
[VARIAVEL]    'DATA_START'='20110810225836'
[VARIAVEL]    'LOG_ROTATE_CONF'='Projetos.logrotate'
[FINALIZANDO function] log_variables
[FINALIZANDO function] setup
[INICIANDO function]   pre_start()
[INICIANDO function]   pre_java_start()
[VARIAVEL]    'MAVEN_PRE_JAVA_START'='clean compile'
[INICIANDO function]   maven(clean compile)
[VARIAVEL]    'MAVEN_OPTS'='-Xmx512m -Xms512m'
[VARIAVEL]    'JAVA_DEBUG'='n'
[INICIANDO file]   /usr/bin/mvn(clean compile)
[INICIANDO function]   post_stop()
[INICIANDO function]   before_post_stop()
[VARIAVEL]    'DATA_STOP'='20110810225837'
[FINALIZANDO function] before_post_stop
[INICIANDO function]   log_variables_on_stop()
[VARIAVEL]    'LOG_FOLDER_NAME'='_20110810225836_20110810225837'
[FINALIZANDO function] log_variables_on_stop
[FINALIZANDO function] post_stop
[FINALIZANDO file] /usr/bin/mvn
[FINALIZANDO function] maven
[FINALIZANDO function] pre_java_start
[FINALIZANDO function] pre_start
[INICIANDO function]   start()
[INICIANDO function]   java_start()
[VARIAVEL]    'MAVEN_JAVA_START'='-PProjetos tomcat:run'
[INICIANDO function]   maven(-PProjetos tomcat:run)
[VARIAVEL]    'MAVEN_OPTS'='-Xmx512m -Xms512m'
[VARIAVEL]    'JAVA_DEBUG'='n'
[INICIANDO file]   /usr/bin/mvn(-PProjetos tomcat:run)
[FINALIZANDO file] /usr/bin/mvn
[FINALIZANDO function] maven
[FINALIZANDO function] java_start
[FINALIZANDO function] start
[FINALIZANDO function] main
[INICIANDO function]   post_stop()
[INICIANDO function]   before_post_stop()
[VARIAVEL]    'DATA_STOP'='20110810225840'
[FINALIZANDO function] before_post_stop
[INICIANDO function]   log_variables_on_stop()
[VARIAVEL]    'LOG_FOLDER_NAME'='_20110810225836_20110810225840'
[FINALIZANDO function] log_variables_on_stop
[FINALIZANDO function] post_stop
[INICIANDO function]   main(start,web)
[INICIANDO function]   help_variables()
[VARIAVEL]    'COMMANDS'='start|pre_start|post_stop|start_only'
[FINALIZANDO function] help_variables
[VARIAVEL]    'ACTION'='start,web'
Usage:  (start|pre_start|post_stop|start_only) APPLICATION NAME
[INICIANDO function]   main(start,web)
[INICIANDO function]   help_variables()
[VARIAVEL]    'COMMANDS'='start|pre_start|post_stop|start_only'
[FINALIZANDO function] help_variables
[VARIAVEL]    'ACTION'='start,web'
Usage:  (start|pre_start|post_stop|start_only) APPLICATION NAME
[INICIANDO function]   main(starts)
[INICIANDO function]   help_variables()
[VARIAVEL]    'COMMANDS'='start|pre_start|post_stop|start_only'
[FINALIZANDO function] help_variables
[VARIAVEL]    'ACTION'='starts'
Usage:  (start|pre_start|post_stop|start_only) APPLICATION NAME
[INICIANDO function]   main(starts)
[INICIANDO function]   help_variables()
[VARIAVEL]    'COMMANDS'='start|pre_start|post_stop|start_only'
[FINALIZANDO function] help_variables
[VARIAVEL]    'ACTION'='starts'
Usage:  (start|pre_start|post_stop|start_only) APPLICATION NAME
[INICIANDO function]   main(starts)
[INICIANDO function]   help_variables()
[VARIAVEL]    'COMMANDS'='start|pre_start|post_stop|start_only'
[FINALIZANDO function] help_variables
[VARIAVEL]    'ACTION'='starts'
Usage:  (start|pre_start|post_stop|start_only) APPLICATION NAME
[INICIANDO function]   main(starts)
[INICIANDO function]   help_variables()
[VARIAVEL]    'COMMANDS'='start|pre_start|post_stop|start_only'
[FINALIZANDO function] help_variables
[VARIAVEL]    'ACTION'='starts'
Usage:  (start|pre_start|post_stop|start_only) APPLICATION NAME
[INICIANDO function]   main(ts)
[INICIANDO function]   help_variables()
[VARIAVEL]    'COMMANDS'='start|pre_start|post_stop|start_only'
[FINALIZANDO function] help_variables
[VARIAVEL]    'ACTION'='ts'
Usage:  (start|pre_start|post_stop|start_only) APPLICATION NAME
[INICIANDO function]   main(ts)
[INICIANDO function]   help_variables()
[VARIAVEL]    'COMMANDS'='start|pre_start|post_stop|start_only'
[FINALIZANDO function] help_variables
[VARIAVEL]    'ACTION'='ts'
Usage:  (start|pre_start|post_stop|start_only) APPLICATION NAME
[INICIANDO function]   main(ts)
[INICIANDO function]   help_variables()
[VARIAVEL]    'COMMANDS'='start|pre_start|post_stop|start_only'
[FINALIZANDO function] help_variables
[VARIAVEL]    'ACTION'='ts'
Usage:  (start|pre_start|post_stop|start_only) APPLICATION NAME
[INICIANDO function]   main(ts)
[INICIANDO function]   help_variables()
[VARIAVEL]    'COMMANDS'='start|pre_start|post_stop|start_only'
[FINALIZANDO function] help_variables
[VARIAVEL]    'ACTION'='ts'
Usage:  (start|pre_start|post_stop|start_only) APPLICATION NAME
[INICIANDO function]   main(ts)
[INICIANDO function]   help_variables()
[VARIAVEL]    'COMMANDS'='start|pre_start|post_stop|start_only'
[FINALIZANDO function] help_variables
[VARIAVEL]    'ACTION'='ts'
Usage:  (start|pre_start|post_stop|start_only) APPLICATION NAME
[INICIANDO function]   main(ts)
[INICIANDO function]   help_variables()
[VARIAVEL]    'COMMANDS'='start|pre_start|post_stop|start_only'
[FINALIZANDO function] help_variables
[VARIAVEL]    'ACTION'='ts'
Usage:  (start|pre_start|post_stop|start_only) APPLICATION NAME
[INICIANDO function]   main(start)
[INICIANDO function]   help_variables()
[VARIAVEL]    'COMMANDS'='start|pre_start|post_stop|start_only'
[FINALIZANDO function] help_variables
[VARIAVEL]    'ACTION'='start'
[INICIANDO function]   setup()
[INICIANDO function]   global_variables()
[VARIAVEL]    'SCRIPT_NAME'='./localScript.sh'
[VARIAVEL]    'SCRIPT_PATH'='/Users/cdavidnt/Dropbox/WDEV/Projetos/loadEnvironment'
[VARIAVEL]    'AMBIENTE_PATH'='/Users/cdavidnt/Dropbox/WDEV/Projetos'
[VARIAVEL]    'AMBIENTE'='Projetos'
[VARIAVEL]    'APP_TYPE'=''
[FINALIZANDO function] global_variables
[INICIANDO function]   java_variables()
[VARIAVEL]    'JAVA_HOME'='/usr'
[VARIAVEL]    'MAVEN_HOME'=''
[VARIAVEL]    'MAVEN_HOME'=''
[VARIAVEL]    'MAVEN_HOME'='/usr'
[VARIAVEL]    'MAVEN_BIN'='/usr/bin/mvn'
[VARIAVEL]    'JAVA_OPTS'='-Xmx512m -Xms512m'
[VARIAVEL]    'JAVA_DEBUG'='n'
[VARIAVEL]    'JAVA_DEBUG_SUSPEND'='n'
[VARIAVEL]    'JAVA_DEBUG_PORT'='8123'
[FINALIZANDO function] java_variables
[INICIANDO function]   log_variables()
[VARIAVEL]    'LOG_DIR'='../logs'
[VARIAVEL]    'DATA_START'='20110810230923'
[VARIAVEL]    'LOG_ROTATE_CONF'='Projetos.logrotate'
[FINALIZANDO function] log_variables
[FINALIZANDO function] setup
[INICIANDO function]   pre_start()
[INICIANDO function]   pre_java_start()
[VARIAVEL]    'MAVEN_PRE_JAVA_START'='clean compile'
[INICIANDO function]   maven(clean compile)
[VARIAVEL]    'MAVEN_OPTS'='-Xmx512m -Xms512m'
[VARIAVEL]    'JAVA_DEBUG'='n'
[INICIANDO file]   /usr/bin/mvn(clean compile)
[INICIANDO function]   post_stop()
[INICIANDO function]   before_post_stop()
[VARIAVEL]    'DATA_STOP'='20110810230923'
[FINALIZANDO function] before_post_stop
[INICIANDO function]   log_variables_on_stop()
[VARIAVEL]    'LOG_FOLDER_NAME'='_20110810230923_20110810230923'
[FINALIZANDO function] log_variables_on_stop
[FINALIZANDO function] post_stop
[FINALIZANDO file] /usr/bin/mvn
[FINALIZANDO function] maven
[FINALIZANDO function] pre_java_start
[FINALIZANDO function] pre_start
[INICIANDO function]   start()
[INICIANDO function]   java_start()
[VARIAVEL]    'MAVEN_JAVA_START'='-PProjetos tomcat:run'
[INICIANDO function]   maven(-PProjetos tomcat:run)
[VARIAVEL]    'MAVEN_OPTS'='-Xmx512m -Xms512m'
[VARIAVEL]    'JAVA_DEBUG'='n'
[INICIANDO file]   /usr/bin/mvn(-PProjetos tomcat:run)
[FINALIZANDO file] /usr/bin/mvn
[FINALIZANDO function] maven
[FINALIZANDO function] java_start
[FINALIZANDO function] start
[FINALIZANDO function] main
[INICIANDO function]   post_stop()
[INICIANDO function]   before_post_stop()
[VARIAVEL]    'DATA_STOP'='20110810230926'
[FINALIZANDO function] before_post_stop
[INICIANDO function]   log_variables_on_stop()
[VARIAVEL]    'LOG_FOLDER_NAME'='_20110810230923_20110810230926'
[FINALIZANDO function] log_variables_on_stop
[FINALIZANDO function] post_stop
